[ 2015-02-25T12:35:26+08:00 ] 127.0.0.1 /qingguo/groupManage.php
INFO: [ app_begin ] --START--
INFO: ReadHtmlCache Behavior ::run [ RunTime:0.005393s ]
INFO: [ app_begin ] --END-- [ RunTime:0.005514s ]
INFO: [ view_parse ] --START--
INFO: ParseTemplate Behavior ::run [ RunTime:0.113203s ]
INFO: [ view_parse ] --END-- [ RunTime:0.113317s ]
INFO: [ view_filter ] --START--
INFO: ContentReplace Behavior ::run [ RunTime:0.005218s ]
INFO: TokenBuild Behavior ::run [ RunTime:0.005181s ]
INFO: WriteHtmlCache Behavior ::run [ RunTime:0.005066s ]
INFO: ShowRuntime Behavior ::run [ RunTime:0.005246s ]
INFO: [ view_filter ] --END-- [ RunTime:0.020945s ]
INFO: [ view_end ] --START--
INFO: ShowPageTrace Behavior ::run [ RunTime:0.005396s ]
INFO: [ view_end ] --END-- [ RunTime:0.005471s ]

[ 2015-02-25T12:35:27+08:00 ] 127.0.0.1 /qingguo/groupManage.php/index/welcome
INFO: [ route_check ] --START--
INFO: CheckRoute Behavior ::run [ RunTime:0.006091s ]
INFO: [ route_check ] --END-- [ RunTime:0.006228s ]
INFO: [ app_begin ] --START--
INFO: ReadHtmlCache Behavior ::run [ RunTime:0.005714s ]
INFO: [ app_begin ] --END-- [ RunTime:0.005837s ]
INFO: [ view_parse ] --START--
INFO: ParseTemplate Behavior ::run [ RunTime:0.082036s ]
INFO: [ view_parse ] --END-- [ RunTime:0.082169s ]
INFO: [ view_filter ] --START--
INFO: ContentReplace Behavior ::run [ RunTime:0.005952s ]
INFO: TokenBuild Behavior ::run [ RunTime:0.006015s ]
INFO: WriteHtmlCache Behavior ::run [ RunTime:0.006138s ]
INFO: ShowRuntime Behavior ::run [ RunTime:0.005981s ]
INFO: [ view_filter ] --END-- [ RunTime:0.024349s ]
INFO: [ view_end ] --START--
INFO: ShowPageTrace Behavior ::run [ RunTime:0.006226s ]
INFO: [ view_end ] --END-- [ RunTime:0.006337s ]

[ 2015-02-25T12:35:38+08:00 ] 127.0.0.1 /qingguo/groupManage.php/goods/index
INFO: [ route_check ] --START--
INFO: CheckRoute Behavior ::run [ RunTime:0.005656s ]
INFO: [ route_check ] --END-- [ RunTime:0.005776s ]
INFO: [ app_begin ] --START--
INFO: ReadHtmlCache Behavior ::run [ RunTime:0.005900s ]
INFO: [ app_begin ] --END-- [ RunTime:0.006039s ]
NOTIC: [8] Undefined index: gid G:\php\htdocs\qingguo\Gmanage\Lib\Action\GoodsAction.class.php 第 14 行.
SQL: SHOW COLUMNS FROM `group_goods` [ RunTime:0.009993s ]
SQL: SHOW COLUMNS FROM `group_category` [ RunTime:0.004824s ]
SQL: SHOW COLUMNS FROM `group_locality` [ RunTime:0.005134s ]
SQL: SHOW COLUMNS FROM `group_shop` [ RunTime:0.006941s ]
SQL: SELECT COUNT(*) AS tp_count FROM group_goods goods  JOIN group_category category ON goods.cid=category.cid  JOIN group_locality locality ON goods.lid=locality.lid  JOIN group_shop shop ON goods.shopid=shop.shopid LIMIT 1   [ RunTime:0.000583s ]
SQL: SELECT goods.gid AS gid,goods.shopid AS shopid,goods.cid AS cid,goods.lid AS lid,goods.main_title AS main_title,goods.sub_title AS sub_title,goods.price AS price,goods.old_price AS old_price,goods.buy AS buy,goods.goods_img AS goods_img,category.cname AS cname,locality.lname AS lname,shop.shopname AS shopname FROM group_goods goods  JOIN group_category category ON goods.cid=category.cid  JOIN group_locality locality ON goods.lid=locality.lid  JOIN group_shop shop ON goods.shopid=shop.shopid LIMIT 0,1   [ RunTime:0.000650s ]
INFO: [ view_parse ] --START--
INFO: ParseTemplate Behavior ::run [ RunTime:0.081740s ]
INFO: [ view_parse ] --END-- [ RunTime:0.081858s ]
INFO: [ view_filter ] --START--
INFO: ContentReplace Behavior ::run [ RunTime:0.005986s ]
INFO: TokenBuild Behavior ::run [ RunTime:0.005988s ]
INFO: WriteHtmlCache Behavior ::run [ RunTime:0.005306s ]
INFO: ShowRuntime Behavior ::run [ RunTime:0.005844s ]
INFO: [ view_filter ] --END-- [ RunTime:0.023442s ]
INFO: [ view_end ] --START--
INFO: ShowPageTrace Behavior ::run [ RunTime:0.005642s ]
INFO: [ view_end ] --END-- [ RunTime:0.005720s ]

[ 2015-02-25T12:35:41+08:00 ] 127.0.0.1 /qingguo/groupManage.php/goods/edit/gid/1
INFO: [ route_check ] --START--
INFO: CheckRoute Behavior ::run [ RunTime:0.006127s ]
INFO: [ route_check ] --END-- [ RunTime:0.006249s ]
INFO: [ app_begin ] --START--
INFO: ReadHtmlCache Behavior ::run [ RunTime:0.005597s ]
INFO: [ app_begin ] --END-- [ RunTime:0.005686s ]
SQL: SHOW COLUMNS FROM `group_category` [ RunTime:0.012927s ]
SQL: SELECT * FROM `group_category`  [ RunTime:0.003913s ]
NOTIC: [8] Undefined index:  G:\php\htdocs\qingguo\ThinkPHP\Extend\Library\ORG\Util\Data.class.php 第 121 行.
NOTIC: [8] Undefined index:  G:\php\htdocs\qingguo\ThinkPHP\Extend\Library\ORG\Util\Data.class.php 第 121 行.
NOTIC: [8] Undefined index:  G:\php\htdocs\qingguo\ThinkPHP\Extend\Library\ORG\Util\Data.class.php 第 121 行.
NOTIC: [8] Undefined index:  G:\php\htdocs\qingguo\ThinkPHP\Extend\Library\ORG\Util\Data.class.php 第 121 行.
NOTIC: [8] Undefined index:  G:\php\htdocs\qingguo\ThinkPHP\Extend\Library\ORG\Util\Data.class.php 第 121 行.
SQL: SHOW COLUMNS FROM `group_locality` [ RunTime:0.005252s ]
SQL: SELECT * FROM `group_locality`  [ RunTime:0.002728s ]
NOTIC: [8] Undefined index:  G:\php\htdocs\qingguo\ThinkPHP\Extend\Library\ORG\Util\Data.class.php 第 121 行.
NOTIC: [8] Undefined index:  G:\php\htdocs\qingguo\ThinkPHP\Extend\Library\ORG\Util\Data.class.php 第 121 行.
SQL: SHOW COLUMNS FROM `group_goods_detail` [ RunTime:0.005121s ]
SQL: SELECT * FROM `group_goods_detail` WHERE ( `goods_id` = 1 ) LIMIT 1   [ RunTime:0.002014s ]
SQL: SHOW COLUMNS FROM `group_goods` [ RunTime:0.005519s ]
SQL: SHOW COLUMNS FROM `group_category` [ RunTime:0.006822s ]
SQL: SHOW COLUMNS FROM `group_locality` [ RunTime:0.008802s ]
SQL: SHOW COLUMNS FROM `group_shop` [ RunTime:0.004348s ]
SQL: SELECT goods.gid AS gid,goods.shopid AS shopid,goods.cid AS cid,goods.lid AS lid,goods.main_title AS main_title,goods.sub_title AS sub_title,goods.price AS price,goods.old_price AS old_price,goods.buy AS buy,goods.goods_img AS goods_img,category.cname AS cname,locality.lname AS lname,shop.shopname AS shopname FROM group_goods goods  JOIN group_category category ON goods.cid=category.cid  JOIN group_locality locality ON goods.lid=locality.lid  JOIN group_shop shop ON goods.shopid=shop.shopid WHERE ( goods.gid = 1 ) LIMIT 1   [ RunTime:0.001881s ]
INFO: [ view_parse ] --START--
INFO: ParseTemplate Behavior ::run [ RunTime:0.065277s ]
INFO: [ view_parse ] --END-- [ RunTime:0.065397s ]
INFO: [ view_filter ] --START--
INFO: ContentReplace Behavior ::run [ RunTime:0.005392s ]
INFO: TokenBuild Behavior ::run [ RunTime:0.005555s ]
INFO: WriteHtmlCache Behavior ::run [ RunTime:0.005354s ]
INFO: ShowRuntime Behavior ::run [ RunTime:0.005443s ]
INFO: [ view_filter ] --END-- [ RunTime:0.021999s ]
INFO: [ view_end ] --START--
INFO: ShowPageTrace Behavior ::run [ RunTime:0.005917s ]
INFO: [ view_end ] --END-- [ RunTime:0.005996s ]

[ 2015-02-25T12:35:43+08:00 ] 127.0.0.1 /qingguo/groupManage.php/goods/edit/gid/
INFO: [ route_check ] --START--
INFO: CheckRoute Behavior ::run [ RunTime:0.005816s ]
INFO: [ route_check ] --END-- [ RunTime:0.005939s ]
INFO: [ app_begin ] --START--
INFO: ReadHtmlCache Behavior ::run [ RunTime:0.005471s ]
INFO: [ app_begin ] --END-- [ RunTime:0.005564s ]
NOTIC: [8] Undefined index: gid G:\php\htdocs\qingguo\Gmanage\Lib\Action\GoodsAction.class.php 第 14 行.
SQL: SHOW COLUMNS FROM `group_category` [ RunTime:0.012886s ]
SQL: SELECT * FROM `group_category`  [ RunTime:0.005687s ]
NOTIC: [8] Undefined index:  G:\php\htdocs\qingguo\ThinkPHP\Extend\Library\ORG\Util\Data.class.php 第 121 行.
NOTIC: [8] Undefined index:  G:\php\htdocs\qingguo\ThinkPHP\Extend\Library\ORG\Util\Data.class.php 第 121 行.
NOTIC: [8] Undefined index:  G:\php\htdocs\qingguo\ThinkPHP\Extend\Library\ORG\Util\Data.class.php 第 121 行.
NOTIC: [8] Undefined index:  G:\php\htdocs\qingguo\ThinkPHP\Extend\Library\ORG\Util\Data.class.php 第 121 行.
NOTIC: [8] Undefined index:  G:\php\htdocs\qingguo\ThinkPHP\Extend\Library\ORG\Util\Data.class.php 第 121 行.
SQL: SHOW COLUMNS FROM `group_locality` [ RunTime:0.005515s ]
SQL: SELECT * FROM `group_locality`  [ RunTime:0.002269s ]
NOTIC: [8] Undefined index:  G:\php\htdocs\qingguo\ThinkPHP\Extend\Library\ORG\Util\Data.class.php 第 121 行.
NOTIC: [8] Undefined index:  G:\php\htdocs\qingguo\ThinkPHP\Extend\Library\ORG\Util\Data.class.php 第 121 行.
SQL: SHOW COLUMNS FROM `group_goods_detail` [ RunTime:0.004918s ]
SQL: SELECT * FROM `group_goods_detail` WHERE ( `goods_id` = 0 ) LIMIT 1   [ RunTime:0.001990s ]
SQL: SHOW COLUMNS FROM `group_goods` [ RunTime:0.004672s ]
SQL: SHOW COLUMNS FROM `group_category` [ RunTime:0.005931s ]
SQL: SHOW COLUMNS FROM `group_locality` [ RunTime:0.006761s ]
SQL: SHOW COLUMNS FROM `group_shop` [ RunTime:0.004768s ]
SQL: SELECT goods.gid AS gid,goods.shopid AS shopid,goods.cid AS cid,goods.lid AS lid,goods.main_title AS main_title,goods.sub_title AS sub_title,goods.price AS price,goods.old_price AS old_price,goods.buy AS buy,goods.goods_img AS goods_img,category.cname AS cname,locality.lname AS lname,shop.shopname AS shopname FROM group_goods goods  JOIN group_category category ON goods.cid=category.cid  JOIN group_locality locality ON goods.lid=locality.lid  JOIN group_shop shop ON goods.shopid=shop.shopid WHERE ( goods.gid = 0 ) LIMIT 1   [ RunTime:0.001597s ]
INFO: [ view_parse ] --START--
NOTIC: [8] Undefined index: gid G:\php\htdocs\qingguo\Gmanage\Runtime\Cache\762ef86a5170c305305b11dda784753d.php 第 26 行.
NOTIC: [8] Undefined index: shopid G:\php\htdocs\qingguo\Gmanage\Runtime\Cache\762ef86a5170c305305b11dda784753d.php 第 39 行.
NOTIC: [8] Undefined index: shopname G:\php\htdocs\qingguo\Gmanage\Runtime\Cache\762ef86a5170c305305b11dda784753d.php 第 39 行.
NOTIC: [8] Undefined index: cid G:\php\htdocs\qingguo\Gmanage\Runtime\Cache\762ef86a5170c305305b11dda784753d.php 第 46 行.
NOTIC: [8] Undefined index: cname G:\php\htdocs\qingguo\Gmanage\Runtime\Cache\762ef86a5170c305305b11dda784753d.php 第 46 行.
NOTIC: [8] Undefined index: lid G:\php\htdocs\qingguo\Gmanage\Runtime\Cache\762ef86a5170c305305b11dda784753d.php 第 56 行.
NOTIC: [8] Undefined index: lname G:\php\htdocs\qingguo\Gmanage\Runtime\Cache\762ef86a5170c305305b11dda784753d.php 第 56 行.
NOTIC: [8] Undefined index: main_title G:\php\htdocs\qingguo\Gmanage\Runtime\Cache\762ef86a5170c305305b11dda784753d.php 第 64 行.
NOTIC: [8] Undefined index: sub_title G:\php\htdocs\qingguo\Gmanage\Runtime\Cache\762ef86a5170c305305b11dda784753d.php 第 69 行.
NOTIC: [8] Undefined index: price G:\php\htdocs\qingguo\Gmanage\Runtime\Cache\762ef86a5170c305305b11dda784753d.php 第 74 行.
NOTIC: [8] Undefined index: old_price G:\php\htdocs\qingguo\Gmanage\Runtime\Cache\762ef86a5170c305305b11dda784753d.php 第 79 行.
NOTIC: [8] Undefined index: goods_img G:\php\htdocs\qingguo\Gmanage\Runtime\Cache\762ef86a5170c305305b11dda784753d.php 第 85 行.
NOTIC: [8] Undefined index: goods_img G:\php\htdocs\qingguo\Gmanage\Runtime\Cache\762ef86a5170c305305b11dda784753d.php 第 86 行.
NOTIC: [8] Undefined index: goods_img G:\php\htdocs\qingguo\Gmanage\Runtime\Cache\762ef86a5170c305305b11dda784753d.php 第 87 行.
NOTIC: [2] in_array() expects parameter 2 to be array, boolean given G:\php\htdocs\qingguo\Gmanage\Runtime\Cache\762ef86a5170c305305b11dda784753d.php 第 121 行.
NOTIC: [2] in_array() expects parameter 2 to be array, boolean given G:\php\htdocs\qingguo\Gmanage\Runtime\Cache\762ef86a5170c305305b11dda784753d.php 第 121 行.
NOTIC: [2] in_array() expects parameter 2 to be array, boolean given G:\php\htdocs\qingguo\Gmanage\Runtime\Cache\762ef86a5170c305305b11dda784753d.php 第 121 行.
INFO: ParseTemplate Behavior ::run [ RunTime:0.055266s ]
INFO: [ view_parse ] --END-- [ RunTime:0.055362s ]
INFO: [ view_filter ] --START--
INFO: ContentReplace Behavior ::run [ RunTime:0.005702s ]
INFO: TokenBuild Behavior ::run [ RunTime:0.005606s ]
INFO: WriteHtmlCache Behavior ::run [ RunTime:0.006000s ]
INFO: ShowRuntime Behavior ::run [ RunTime:0.005532s ]
INFO: [ view_filter ] --END-- [ RunTime:0.023539s ]
INFO: [ view_end ] --START--
INFO: ShowPageTrace Behavior ::run [ RunTime:0.005899s ]
INFO: [ view_end ] --END-- [ RunTime:0.005984s ]

[ 2015-02-25T12:35:56+08:00 ] 127.0.0.1 /qingguo/groupManage.php/shop/index
INFO: [ route_check ] --START--
INFO: CheckRoute Behavior ::run [ RunTime:0.007607s ]
INFO: [ route_check ] --END-- [ RunTime:0.007763s ]
INFO: [ app_begin ] --START--
INFO: ReadHtmlCache Behavior ::run [ RunTime:0.006726s ]
INFO: [ app_begin ] --END-- [ RunTime:0.006848s ]
SQL: SHOW COLUMNS FROM `group_shop` [ RunTime:0.006296s ]
NOTIC: [8] Undefined index: shopid G:\php\htdocs\qingguo\Gmanage\Lib\Action\ShopAction.class.php 第 14 行.
SQL: SELECT COUNT(*) AS tp_count FROM `group_shop` LIMIT 1   [ RunTime:0.002474s ]
SQL: SELECT * FROM `group_shop` LIMIT 0,1   [ RunTime:0.000611s ]
INFO: [ view_parse ] --START--
INFO: ParseTemplate Behavior ::run [ RunTime:0.073391s ]
INFO: [ view_parse ] --END-- [ RunTime:0.073510s ]
INFO: [ view_filter ] --START--
INFO: ContentReplace Behavior ::run [ RunTime:0.006380s ]
INFO: TokenBuild Behavior ::run [ RunTime:0.005281s ]
INFO: WriteHtmlCache Behavior ::run [ RunTime:0.005343s ]
INFO: ShowRuntime Behavior ::run [ RunTime:0.005876s ]
INFO: [ view_filter ] --END-- [ RunTime:0.023127s ]
INFO: [ view_end ] --START--
INFO: ShowPageTrace Behavior ::run [ RunTime:0.005796s ]
INFO: [ view_end ] --END-- [ RunTime:0.005876s ]

[ 2015-02-25T12:35:59+08:00 ] 127.0.0.1 /qingguo/groupManage.php/shop/edit/shopid/2
INFO: [ route_check ] --START--
INFO: CheckRoute Behavior ::run [ RunTime:0.005862s ]
INFO: [ route_check ] --END-- [ RunTime:0.005982s ]
INFO: [ app_begin ] --START--
INFO: ReadHtmlCache Behavior ::run [ RunTime:0.005882s ]
INFO: [ app_begin ] --END-- [ RunTime:0.005979s ]
SQL: SHOW COLUMNS FROM `group_shop` [ RunTime:0.008032s ]
SQL: SELECT * FROM `group_shop` WHERE ( `shopid` = 2 ) LIMIT 1   [ RunTime:0.044263s ]
INFO: [ view_parse ] --START--
INFO: ParseTemplate Behavior ::run [ RunTime:0.108290s ]
INFO: [ view_parse ] --END-- [ RunTime:0.108396s ]
INFO: [ view_filter ] --START--
INFO: ContentReplace Behavior ::run [ RunTime:0.005519s ]
INFO: TokenBuild Behavior ::run [ RunTime:0.005277s ]
INFO: WriteHtmlCache Behavior ::run [ RunTime:0.005938s ]
INFO: ShowRuntime Behavior ::run [ RunTime:0.005520s ]
INFO: [ view_filter ] --END-- [ RunTime:0.022495s ]
INFO: [ view_end ] --START--
INFO: ShowPageTrace Behavior ::run [ RunTime:0.005822s ]
INFO: [ view_end ] --END-- [ RunTime:0.005902s ]

[ 2015-02-25T12:36:12+08:00 ] 127.0.0.1 /qingguo/groupManage.php/category/index
INFO: [ route_check ] --START--
INFO: CheckRoute Behavior ::run [ RunTime:0.005954s ]
INFO: [ route_check ] --END-- [ RunTime:0.006068s ]
INFO: [ app_begin ] --START--
INFO: ReadHtmlCache Behavior ::run [ RunTime:0.005852s ]
INFO: [ app_begin ] --END-- [ RunTime:0.005951s ]
SQL: SHOW COLUMNS FROM `group_category` [ RunTime:0.012081s ]
NOTIC: [8] Undefined index: cid G:\php\htdocs\qingguo\Gmanage\Lib\Action\CategoryAction.class.php 第 15 行.
SQL: SELECT * FROM `group_category`  [ RunTime:0.004830s ]
NOTIC: [8] Undefined index:  G:\php\htdocs\qingguo\ThinkPHP\Extend\Library\ORG\Util\Data.class.php 第 121 行.
NOTIC: [8] Undefined index:  G:\php\htdocs\qingguo\ThinkPHP\Extend\Library\ORG\Util\Data.class.php 第 121 行.
NOTIC: [8] Undefined index:  G:\php\htdocs\qingguo\ThinkPHP\Extend\Library\ORG\Util\Data.class.php 第 121 行.
NOTIC: [8] Undefined index:  G:\php\htdocs\qingguo\ThinkPHP\Extend\Library\ORG\Util\Data.class.php 第 121 行.
NOTIC: [8] Undefined index:  G:\php\htdocs\qingguo\ThinkPHP\Extend\Library\ORG\Util\Data.class.php 第 121 行.
INFO: [ view_parse ] --START--
INFO: ParseTemplate Behavior ::run [ RunTime:0.096501s ]
INFO: [ view_parse ] --END-- [ RunTime:0.096599s ]
INFO: [ view_filter ] --START--
INFO: ContentReplace Behavior ::run [ RunTime:0.005410s ]
INFO: TokenBuild Behavior ::run [ RunTime:0.005132s ]
INFO: WriteHtmlCache Behavior ::run [ RunTime:0.005003s ]
INFO: ShowRuntime Behavior ::run [ RunTime:0.005349s ]
INFO: [ view_filter ] --END-- [ RunTime:0.021112s ]
INFO: [ view_end ] --START--
INFO: ShowPageTrace Behavior ::run [ RunTime:0.005499s ]
INFO: [ view_end ] --END-- [ RunTime:0.005575s ]

[ 2015-02-25T12:36:16+08:00 ] 127.0.0.1 /qingguo/groupManage.php/category/add/cid/1
INFO: [ route_check ] --START--
INFO: CheckRoute Behavior ::run [ RunTime:0.005875s ]
INFO: [ route_check ] --END-- [ RunTime:0.005996s ]
INFO: [ app_begin ] --START--
INFO: ReadHtmlCache Behavior ::run [ RunTime:0.005420s ]
INFO: [ app_begin ] --END-- [ RunTime:0.005616s ]
SQL: SHOW COLUMNS FROM `group_category` [ RunTime:0.014273s ]
SQL: SELECT `cname`,`cid` FROM `group_category` WHERE ( `cid` = 1 ) LIMIT 1   [ RunTime:0.000483s ]
SQL: SELECT * FROM `group_category`  [ RunTime:0.000462s ]
NOTIC: [8] Undefined index:  G:\php\htdocs\qingguo\ThinkPHP\Extend\Library\ORG\Util\Data.class.php 第 121 行.
NOTIC: [8] Undefined index:  G:\php\htdocs\qingguo\ThinkPHP\Extend\Library\ORG\Util\Data.class.php 第 121 行.
NOTIC: [8] Undefined index:  G:\php\htdocs\qingguo\ThinkPHP\Extend\Library\ORG\Util\Data.class.php 第 121 行.
NOTIC: [8] Undefined index:  G:\php\htdocs\qingguo\ThinkPHP\Extend\Library\ORG\Util\Data.class.php 第 121 行.
NOTIC: [8] Undefined index:  G:\php\htdocs\qingguo\ThinkPHP\Extend\Library\ORG\Util\Data.class.php 第 121 行.
INFO: [ view_parse ] --START--
INFO: ParseTemplate Behavior ::run [ RunTime:0.068433s ]
INFO: [ view_parse ] --END-- [ RunTime:0.068543s ]
INFO: [ view_filter ] --START--
INFO: ContentReplace Behavior ::run [ RunTime:0.005432s ]
INFO: TokenBuild Behavior ::run [ RunTime:0.005557s ]
INFO: WriteHtmlCache Behavior ::run [ RunTime:0.006602s ]
INFO: ShowRuntime Behavior ::run [ RunTime:0.006816s ]
INFO: [ view_filter ] --END-- [ RunTime:0.024653s ]
INFO: [ view_end ] --START--
INFO: ShowPageTrace Behavior ::run [ RunTime:0.005817s ]
INFO: [ view_end ] --END-- [ RunTime:0.005895s ]

[ 2015-02-25T12:36:24+08:00 ] 127.0.0.1 /qingguo/groupManage.php/locality/index
INFO: [ route_check ] --START--
INFO: CheckRoute Behavior ::run [ RunTime:0.007561s ]
INFO: [ route_check ] --END-- [ RunTime:0.007694s ]
INFO: [ app_begin ] --START--
INFO: ReadHtmlCache Behavior ::run [ RunTime:0.006906s ]
INFO: [ app_begin ] --END-- [ RunTime:0.007037s ]
SQL: SHOW COLUMNS FROM `group_locality` [ RunTime:0.004422s ]
NOTIC: [8] Undefined index: lid G:\php\htdocs\qingguo\Gmanage\Lib\Action\LocalityAction.class.php 第 13 行.
SQL: SELECT * FROM `group_locality`  [ RunTime:0.001736s ]
NOTIC: [8] Undefined index:  G:\php\htdocs\qingguo\ThinkPHP\Extend\Library\ORG\Util\Data.class.php 第 121 行.
NOTIC: [8] Undefined index:  G:\php\htdocs\qingguo\ThinkPHP\Extend\Library\ORG\Util\Data.class.php 第 121 行.
INFO: [ view_parse ] --START--
INFO: ParseTemplate Behavior ::run [ RunTime:0.108703s ]
INFO: [ view_parse ] --END-- [ RunTime:0.108798s ]
INFO: [ view_filter ] --START--
INFO: ContentReplace Behavior ::run [ RunTime:0.005338s ]
INFO: TokenBuild Behavior ::run [ RunTime:0.005298s ]
INFO: WriteHtmlCache Behavior ::run [ RunTime:0.005098s ]
INFO: ShowRuntime Behavior ::run [ RunTime:0.005514s ]
INFO: [ view_filter ] --END-- [ RunTime:0.021458s ]
INFO: [ view_end ] --START--
INFO: ShowPageTrace Behavior ::run [ RunTime:0.005775s ]
INFO: [ view_end ] --END-- [ RunTime:0.005861s ]

[ 2015-02-25T12:36:28+08:00 ] 127.0.0.1 /qingguo/groupManage.php/locality/edit/lid/1
INFO: [ route_check ] --START--
INFO: CheckRoute Behavior ::run [ RunTime:0.006353s ]
INFO: [ route_check ] --END-- [ RunTime:0.006474s ]
INFO: [ app_begin ] --START--
INFO: ReadHtmlCache Behavior ::run [ RunTime:0.005497s ]
INFO: [ app_begin ] --END-- [ RunTime:0.005577s ]
SQL: SHOW COLUMNS FROM `group_locality` [ RunTime:0.006354s ]
SQL: SELECT * FROM `group_locality`  [ RunTime:0.002668s ]
NOTIC: [8] Undefined index:  G:\php\htdocs\qingguo\ThinkPHP\Extend\Library\ORG\Util\Data.class.php 第 121 行.
NOTIC: [8] Undefined index:  G:\php\htdocs\qingguo\ThinkPHP\Extend\Library\ORG\Util\Data.class.php 第 121 行.
SQL: SELECT * FROM `group_locality` WHERE ( `lid` = 1 ) LIMIT 1   [ RunTime:0.000478s ]
SQL: SELECT `lname`,`lid` FROM `group_locality` WHERE ( `lid` = 0 ) LIMIT 1   [ RunTime:0.000321s ]
INFO: [ view_parse ] --START--
INFO: ParseTemplate Behavior ::run [ RunTime:0.088249s ]
INFO: [ view_parse ] --END-- [ RunTime:0.088352s ]
INFO: [ view_filter ] --START--
INFO: ContentReplace Behavior ::run [ RunTime:0.005210s ]
INFO: TokenBuild Behavior ::run [ RunTime:0.005368s ]
INFO: WriteHtmlCache Behavior ::run [ RunTime:0.005304s ]
INFO: ShowRuntime Behavior ::run [ RunTime:0.005387s ]
INFO: [ view_filter ] --END-- [ RunTime:0.021489s ]
INFO: [ view_end ] --START--
INFO: ShowPageTrace Behavior ::run [ RunTime:0.005586s ]
INFO: [ view_end ] --END-- [ RunTime:0.005664s ]

[ 2015-02-25T12:37:42+08:00 ] 127.0.0.1 /qingguo/groupManage.php
INFO: [ app_begin ] --START--
INFO: ReadHtmlCache Behavior ::run [ RunTime:0.005490s ]
INFO: [ app_begin ] --END-- [ RunTime:0.005622s ]
INFO: [ view_parse ] --START--
INFO: ParseTemplate Behavior ::run [ RunTime:0.104294s ]
INFO: [ view_parse ] --END-- [ RunTime:0.104396s ]
INFO: [ view_filter ] --START--
INFO: ContentReplace Behavior ::run [ RunTime:0.007948s ]
INFO: TokenBuild Behavior ::run [ RunTime:0.005562s ]
INFO: WriteHtmlCache Behavior ::run [ RunTime:0.005436s ]
INFO: ShowRuntime Behavior ::run [ RunTime:0.006065s ]
INFO: [ view_filter ] --END-- [ RunTime:0.025281s ]
INFO: [ view_end ] --START--
INFO: ShowPageTrace Behavior ::run [ RunTime:0.005653s ]
INFO: [ view_end ] --END-- [ RunTime:0.005731s ]

[ 2015-02-25T12:37:42+08:00 ] 127.0.0.1 /qingguo/groupManage.php/index/welcome
INFO: [ route_check ] --START--
INFO: CheckRoute Behavior ::run [ RunTime:0.005711s ]
INFO: [ route_check ] --END-- [ RunTime:0.005833s ]
INFO: [ app_begin ] --START--
INFO: ReadHtmlCache Behavior ::run [ RunTime:0.006730s ]
INFO: [ app_begin ] --END-- [ RunTime:0.006921s ]
INFO: [ view_parse ] --START--
INFO: ParseTemplate Behavior ::run [ RunTime:0.038112s ]
INFO: [ view_parse ] --END-- [ RunTime:0.038226s ]
INFO: [ view_filter ] --START--
INFO: ContentReplace Behavior ::run [ RunTime:0.005135s ]
INFO: TokenBuild Behavior ::run [ RunTime:0.005259s ]
INFO: WriteHtmlCache Behavior ::run [ RunTime:0.006387s ]
INFO: ShowRuntime Behavior ::run [ RunTime:0.005645s ]
INFO: [ view_filter ] --END-- [ RunTime:0.022681s ]
INFO: [ view_end ] --START--
INFO: ShowPageTrace Behavior ::run [ RunTime:0.005586s ]
INFO: [ view_end ] --END-- [ RunTime:0.005673s ]

[ 2015-02-25T16:41:15+08:00 ] 127.0.0.1 /qingguo/groupManage.php
INFO: [ app_begin ] --START--
INFO: ReadHtmlCache Behavior ::run [ RunTime:0.005738s ]
INFO: [ app_begin ] --END-- [ RunTime:0.005856s ]
INFO: [ view_parse ] --START--
INFO: ParseTemplate Behavior ::run [ RunTime:0.155918s ]
INFO: [ view_parse ] --END-- [ RunTime:0.156173s ]
INFO: [ view_filter ] --START--
INFO: ContentReplace Behavior ::run [ RunTime:0.012481s ]
INFO: TokenBuild Behavior ::run [ RunTime:0.009571s ]
INFO: WriteHtmlCache Behavior ::run [ RunTime:0.009420s ]
INFO: ShowRuntime Behavior ::run [ RunTime:0.009246s ]
INFO: [ view_filter ] --END-- [ RunTime:0.041122s ]
INFO: [ view_end ] --START--
INFO: ShowPageTrace Behavior ::run [ RunTime:0.005360s ]
INFO: [ view_end ] --END-- [ RunTime:0.005449s ]

[ 2015-02-25T16:41:17+08:00 ] 127.0.0.1 /qingguo/groupManage.php/index/welcome
INFO: [ route_check ] --START--
INFO: CheckRoute Behavior ::run [ RunTime:0.005575s ]
INFO: [ route_check ] --END-- [ RunTime:0.005694s ]
INFO: [ app_begin ] --START--
INFO: ReadHtmlCache Behavior ::run [ RunTime:0.005221s ]
INFO: [ app_begin ] --END-- [ RunTime:0.005305s ]
INFO: [ view_parse ] --START--
INFO: ParseTemplate Behavior ::run [ RunTime:0.143583s ]
INFO: [ view_parse ] --END-- [ RunTime:0.143697s ]
INFO: [ view_filter ] --START--
INFO: ContentReplace Behavior ::run [ RunTime:0.005137s ]
INFO: TokenBuild Behavior ::run [ RunTime:0.005283s ]
INFO: WriteHtmlCache Behavior ::run [ RunTime:0.006856s ]
INFO: ShowRuntime Behavior ::run [ RunTime:0.006143s ]
INFO: [ view_filter ] --END-- [ RunTime:0.023692s ]
INFO: [ view_end ] --START--
INFO: ShowPageTrace Behavior ::run [ RunTime:0.006289s ]
INFO: [ view_end ] --END-- [ RunTime:0.006381s ]

[ 2015-02-25T16:41:21+08:00 ] 127.0.0.1 /qingguo/groupManage.php/goods/index
INFO: [ route_check ] --START--
INFO: CheckRoute Behavior ::run [ RunTime:0.005513s ]
INFO: [ route_check ] --END-- [ RunTime:0.005631s ]
INFO: [ app_begin ] --START--
INFO: ReadHtmlCache Behavior ::run [ RunTime:0.005203s ]
INFO: [ app_begin ] --END-- [ RunTime:0.005300s ]
NOTIC: [8] Undefined index: gid G:\php\htdocs\qingguo\Gmanage\Lib\Action\GoodsAction.class.php 第 14 行.
SQL: SHOW COLUMNS FROM `group_goods` [ RunTime:0.012024s ]
SQL: SHOW COLUMNS FROM `group_category` [ RunTime:0.011766s ]
SQL: SHOW COLUMNS FROM `group_locality` [ RunTime:0.007154s ]
SQL: SHOW COLUMNS FROM `group_shop` [ RunTime:0.005230s ]
SQL: SELECT COUNT(*) AS tp_count FROM group_goods goods  JOIN group_category category ON goods.cid=category.cid  JOIN group_locality locality ON goods.lid=locality.lid  JOIN group_shop shop ON goods.shopid=shop.shopid LIMIT 1   [ RunTime:0.001576s ]
SQL: SELECT goods.gid AS gid,goods.shopid AS shopid,goods.cid AS cid,goods.lid AS lid,goods.main_title AS main_title,goods.sub_title AS sub_title,goods.price AS price,goods.old_price AS old_price,goods.buy AS buy,goods.goods_img AS goods_img,category.cname AS cname,locality.lname AS lname,shop.shopname AS shopname FROM group_goods goods  JOIN group_category category ON goods.cid=category.cid  JOIN group_locality locality ON goods.lid=locality.lid  JOIN group_shop shop ON goods.shopid=shop.shopid LIMIT 0,1   [ RunTime:0.000544s ]
INFO: [ view_parse ] --START--
INFO: ParseTemplate Behavior ::run [ RunTime:0.093392s ]
INFO: [ view_parse ] --END-- [ RunTime:0.093509s ]
INFO: [ view_filter ] --START--
INFO: ContentReplace Behavior ::run [ RunTime:0.005738s ]
INFO: TokenBuild Behavior ::run [ RunTime:0.005571s ]
INFO: WriteHtmlCache Behavior ::run [ RunTime:0.005824s ]
INFO: ShowRuntime Behavior ::run [ RunTime:0.005752s ]
INFO: [ view_filter ] --END-- [ RunTime:0.023113s ]
INFO: [ view_end ] --START--
INFO: ShowPageTrace Behavior ::run [ RunTime:0.006229s ]
INFO: [ view_end ] --END-- [ RunTime:0.006315s ]

[ 2015-02-25T16:41:24+08:00 ] 127.0.0.1 /qingguo/groupManage.php/goods/edit/gid/1
INFO: [ route_check ] --START--
INFO: CheckRoute Behavior ::run [ RunTime:0.005752s ]
INFO: [ route_check ] --END-- [ RunTime:0.005896s ]
INFO: [ app_begin ] --START--
INFO: ReadHtmlCache Behavior ::run [ RunTime:0.005165s ]
INFO: [ app_begin ] --END-- [ RunTime:0.005276s ]
SQL: SHOW COLUMNS FROM `group_category` [ RunTime:0.011274s ]
SQL: SELECT * FROM `group_category`  [ RunTime:0.006004s ]
NOTIC: [8] Undefined index:  G:\php\htdocs\qingguo\ThinkPHP\Extend\Library\ORG\Util\Data.class.php 第 121 行.
NOTIC: [8] Undefined index:  G:\php\htdocs\qingguo\ThinkPHP\Extend\Library\ORG\Util\Data.class.php 第 121 行.
NOTIC: [8] Undefined index:  G:\php\htdocs\qingguo\ThinkPHP\Extend\Library\ORG\Util\Data.class.php 第 121 行.
NOTIC: [8] Undefined index:  G:\php\htdocs\qingguo\ThinkPHP\Extend\Library\ORG\Util\Data.class.php 第 121 行.
NOTIC: [8] Undefined index:  G:\php\htdocs\qingguo\ThinkPHP\Extend\Library\ORG\Util\Data.class.php 第 121 行.
SQL: SHOW COLUMNS FROM `group_locality` [ RunTime:0.008025s ]
SQL: SELECT * FROM `group_locality`  [ RunTime:0.003441s ]
NOTIC: [8] Undefined index:  G:\php\htdocs\qingguo\ThinkPHP\Extend\Library\ORG\Util\Data.class.php 第 121 行.
NOTIC: [8] Undefined index:  G:\php\htdocs\qingguo\ThinkPHP\Extend\Library\ORG\Util\Data.class.php 第 121 行.
SQL: SHOW COLUMNS FROM `group_goods_detail` [ RunTime:0.007595s ]
SQL: SELECT * FROM `group_goods_detail` WHERE ( `goods_id` = 1 ) LIMIT 1   [ RunTime:0.003252s ]
SQL: SHOW COLUMNS FROM `group_goods` [ RunTime:0.004447s ]
SQL: SHOW COLUMNS FROM `group_category` [ RunTime:0.005868s ]
SQL: SHOW COLUMNS FROM `group_locality` [ RunTime:0.005556s ]
SQL: SHOW COLUMNS FROM `group_shop` [ RunTime:0.004197s ]
SQL: SELECT goods.gid AS gid,goods.shopid AS shopid,goods.cid AS cid,goods.lid AS lid,goods.main_title AS main_title,goods.sub_title AS sub_title,goods.price AS price,goods.old_price AS old_price,goods.buy AS buy,goods.goods_img AS goods_img,category.cname AS cname,locality.lname AS lname,shop.shopname AS shopname FROM group_goods goods  JOIN group_category category ON goods.cid=category.cid  JOIN group_locality locality ON goods.lid=locality.lid  JOIN group_shop shop ON goods.shopid=shop.shopid WHERE ( goods.gid = 1 ) LIMIT 1   [ RunTime:0.001898s ]
INFO: [ view_parse ] --START--
INFO: ParseTemplate Behavior ::run [ RunTime:0.055228s ]
INFO: [ view_parse ] --END-- [ RunTime:0.055341s ]
INFO: [ view_filter ] --START--
INFO: ContentReplace Behavior ::run [ RunTime:0.005395s ]
INFO: TokenBuild Behavior ::run [ RunTime:0.005303s ]
INFO: WriteHtmlCache Behavior ::run [ RunTime:0.005932s ]
INFO: ShowRuntime Behavior ::run [ RunTime:0.005080s ]
INFO: [ view_filter ] --END-- [ RunTime:0.021952s ]
INFO: [ view_end ] --START--
INFO: ShowPageTrace Behavior ::run [ RunTime:0.005226s ]
INFO: [ view_end ] --END-- [ RunTime:0.005297s ]

[ 2015-02-25T16:41:29+08:00 ] 127.0.0.1 /qingguo/groupManage.php/goods/edit/gid/
INFO: [ route_check ] --START--
INFO: CheckRoute Behavior ::run [ RunTime:0.006076s ]
INFO: [ route_check ] --END-- [ RunTime:0.006228s ]
INFO: [ app_begin ] --START--
INFO: ReadHtmlCache Behavior ::run [ RunTime:0.005238s ]
INFO: [ app_begin ] --END-- [ RunTime:0.005333s ]
NOTIC: [8] Undefined index: gid G:\php\htdocs\qingguo\Gmanage\Lib\Action\GoodsAction.class.php 第 14 行.
SQL: SHOW COLUMNS FROM `group_category` [ RunTime:0.005987s ]
SQL: SELECT * FROM `group_category`  [ RunTime:0.002697s ]
NOTIC: [8] Undefined index:  G:\php\htdocs\qingguo\ThinkPHP\Extend\Library\ORG\Util\Data.class.php 第 121 行.
NOTIC: [8] Undefined index:  G:\php\htdocs\qingguo\ThinkPHP\Extend\Library\ORG\Util\Data.class.php 第 121 行.
NOTIC: [8] Undefined index:  G:\php\htdocs\qingguo\ThinkPHP\Extend\Library\ORG\Util\Data.class.php 第 121 行.
NOTIC: [8] Undefined index:  G:\php\htdocs\qingguo\ThinkPHP\Extend\Library\ORG\Util\Data.class.php 第 121 行.
NOTIC: [8] Undefined index:  G:\php\htdocs\qingguo\ThinkPHP\Extend\Library\ORG\Util\Data.class.php 第 121 行.
SQL: SHOW COLUMNS FROM `group_locality` [ RunTime:0.009332s ]
SQL: SELECT * FROM `group_locality`  [ RunTime:0.000644s ]
NOTIC: [8] Undefined index:  G:\php\htdocs\qingguo\ThinkPHP\Extend\Library\ORG\Util\Data.class.php 第 121 行.
NOTIC: [8] Undefined index:  G:\php\htdocs\qingguo\ThinkPHP\Extend\Library\ORG\Util\Data.class.php 第 121 行.
SQL: SHOW COLUMNS FROM `group_goods_detail` [ RunTime:0.004177s ]
SQL: SELECT * FROM `group_goods_detail` WHERE ( `goods_id` = 0 ) LIMIT 1   [ RunTime:0.001751s ]
SQL: SHOW COLUMNS FROM `group_goods` [ RunTime:0.004746s ]
SQL: SHOW COLUMNS FROM `group_category` [ RunTime:0.005671s ]
SQL: SHOW COLUMNS FROM `group_locality` [ RunTime:0.005341s ]
SQL: SHOW COLUMNS FROM `group_shop` [ RunTime:0.004492s ]
SQL: SELECT goods.gid AS gid,goods.shopid AS shopid,goods.cid AS cid,goods.lid AS lid,goods.main_title AS main_title,goods.sub_title AS sub_title,goods.price AS price,goods.old_price AS old_price,goods.buy AS buy,goods.goods_img AS goods_img,category.cname AS cname,locality.lname AS lname,shop.shopname AS shopname FROM group_goods goods  JOIN group_category category ON goods.cid=category.cid  JOIN group_locality locality ON goods.lid=locality.lid  JOIN group_shop shop ON goods.shopid=shop.shopid WHERE ( goods.gid = 0 ) LIMIT 1   [ RunTime:0.002813s ]
INFO: [ view_parse ] --START--
NOTIC: [8] Undefined index: gid G:\php\htdocs\qingguo\Gmanage\Runtime\Cache\762ef86a5170c305305b11dda784753d.php 第 26 行.
NOTIC: [8] Undefined index: shopid G:\php\htdocs\qingguo\Gmanage\Runtime\Cache\762ef86a5170c305305b11dda784753d.php 第 39 行.
NOTIC: [8] Undefined index: shopname G:\php\htdocs\qingguo\Gmanage\Runtime\Cache\762ef86a5170c305305b11dda784753d.php 第 39 行.
NOTIC: [8] Undefined index: cid G:\php\htdocs\qingguo\Gmanage\Runtime\Cache\762ef86a5170c305305b11dda784753d.php 第 46 行.
NOTIC: [8] Undefined index: cname G:\php\htdocs\qingguo\Gmanage\Runtime\Cache\762ef86a5170c305305b11dda784753d.php 第 46 行.
NOTIC: [8] Undefined index: lid G:\php\htdocs\qingguo\Gmanage\Runtime\Cache\762ef86a5170c305305b11dda784753d.php 第 56 行.
NOTIC: [8] Undefined index: lname G:\php\htdocs\qingguo\Gmanage\Runtime\Cache\762ef86a5170c305305b11dda784753d.php 第 56 行.
NOTIC: [8] Undefined index: main_title G:\php\htdocs\qingguo\Gmanage\Runtime\Cache\762ef86a5170c305305b11dda784753d.php 第 64 行.
NOTIC: [8] Undefined index: sub_title G:\php\htdocs\qingguo\Gmanage\Runtime\Cache\762ef86a5170c305305b11dda784753d.php 第 69 行.
NOTIC: [8] Undefined index: price G:\php\htdocs\qingguo\Gmanage\Runtime\Cache\762ef86a5170c305305b11dda784753d.php 第 74 行.
NOTIC: [8] Undefined index: old_price G:\php\htdocs\qingguo\Gmanage\Runtime\Cache\762ef86a5170c305305b11dda784753d.php 第 79 行.
NOTIC: [8] Undefined index: goods_img G:\php\htdocs\qingguo\Gmanage\Runtime\Cache\762ef86a5170c305305b11dda784753d.php 第 85 行.
NOTIC: [8] Undefined index: goods_img G:\php\htdocs\qingguo\Gmanage\Runtime\Cache\762ef86a5170c305305b11dda784753d.php 第 86 行.
NOTIC: [8] Undefined index: goods_img G:\php\htdocs\qingguo\Gmanage\Runtime\Cache\762ef86a5170c305305b11dda784753d.php 第 87 行.
NOTIC: [2] in_array() expects parameter 2 to be array, boolean given G:\php\htdocs\qingguo\Gmanage\Runtime\Cache\762ef86a5170c305305b11dda784753d.php 第 121 行.
NOTIC: [2] in_array() expects parameter 2 to be array, boolean given G:\php\htdocs\qingguo\Gmanage\Runtime\Cache\762ef86a5170c305305b11dda784753d.php 第 121 行.
NOTIC: [2] in_array() expects parameter 2 to be array, boolean given G:\php\htdocs\qingguo\Gmanage\Runtime\Cache\762ef86a5170c305305b11dda784753d.php 第 121 行.
INFO: ParseTemplate Behavior ::run [ RunTime:0.042677s ]
INFO: [ view_parse ] --END-- [ RunTime:0.042765s ]
INFO: [ view_filter ] --START--
INFO: ContentReplace Behavior ::run [ RunTime:0.005128s ]
INFO: TokenBuild Behavior ::run [ RunTime:0.004974s ]
INFO: WriteHtmlCache Behavior ::run [ RunTime:0.004953s ]
INFO: ShowRuntime Behavior ::run [ RunTime:0.005115s ]
INFO: [ view_filter ] --END-- [ RunTime:0.020397s ]
INFO: [ view_end ] --START--
INFO: ShowPageTrace Behavior ::run [ RunTime:0.005233s ]
INFO: [ view_end ] --END-- [ RunTime:0.005307s ]

[ 2015-02-25T16:41:34+08:00 ] 127.0.0.1 /qingguo/groupManage.php/goods/edit/gid/1
INFO: [ route_check ] --START--
INFO: CheckRoute Behavior ::run [ RunTime:0.005554s ]
INFO: [ route_check ] --END-- [ RunTime:0.005707s ]
INFO: [ app_begin ] --START--
INFO: ReadHtmlCache Behavior ::run [ RunTime:0.005213s ]
INFO: [ app_begin ] --END-- [ RunTime:0.005307s ]
SQL: SHOW COLUMNS FROM `group_goods` [ RunTime:0.011863s ]
SQL: UPDATE `group_goods` SET `shopid`=2,`cid`=7,`lid`=10,`main_title`='自助烤肉美味好吃',`sub_title`='自助烤肉美味好吃',`price`='10.0',`old_price`='12.0',`goods_img`='/Uploads/Goods/2015_01/max_54ba2a930904b.jpg,/Uploads/Goods/2015_01/medium_54ba2a930904b.jpg,/Uploads/Goods/2015_01/mini_54ba2a930904b.jpg' WHERE ( `gid` = 1 ) [ RunTime:0.246252s ]
SQL: SHOW COLUMNS FROM `group_goods_detail` [ RunTime:0.010018s ]
SQL: UPDATE `group_goods_detail` SET `detail`='<p>自助烤肉美味好吃</p>',`goods_server`='a:2:{i:0;s:1:\"1\";i:1;s:1:\"3\";}',`goods_id`=1 WHERE ( `goods_id` = 1 ) [ RunTime:0.019591s ]
INFO: [ view_parse ] --START--
NOTIC: [8] Undefined variable: error G:\php\htdocs\qingguo\Gmanage\Runtime\Cache\601939d8f47d76133e8112da531d3a21.php 第 61 行.
NOTIC: [8] Undefined variable: error G:\php\htdocs\qingguo\Gmanage\Runtime\Cache\601939d8f47d76133e8112da531d3a21.php 第 65 行.
INFO: ParseTemplate Behavior ::run [ RunTime:0.080783s ]
INFO: [ view_parse ] --END-- [ RunTime:0.080961s ]
INFO: [ view_filter ] --START--
INFO: ContentReplace Behavior ::run [ RunTime:0.005381s ]
INFO: TokenBuild Behavior ::run [ RunTime:0.005010s ]
INFO: WriteHtmlCache Behavior ::run [ RunTime:0.004853s ]
INFO: ShowRuntime Behavior ::run [ RunTime:0.005044s ]
INFO: [ view_filter ] --END-- [ RunTime:0.020490s ]
INFO: [ view_end ] --START--
INFO: ShowPageTrace Behavior ::run [ RunTime:0.005680s ]
INFO: [ view_end ] --END-- [ RunTime:0.005760s ]

[ 2015-02-25T16:41:36+08:00 ] 127.0.0.1 /qingguo/groupManage.php/goods/index
INFO: [ route_check ] --START--
INFO: CheckRoute Behavior ::run [ RunTime:0.005474s ]
INFO: [ route_check ] --END-- [ RunTime:0.005619s ]
INFO: [ app_begin ] --START--
INFO: ReadHtmlCache Behavior ::run [ RunTime:0.005122s ]
INFO: [ app_begin ] --END-- [ RunTime:0.005197s ]
NOTIC: [8] Undefined index: gid G:\php\htdocs\qingguo\Gmanage\Lib\Action\GoodsAction.class.php 第 14 行.
SQL: SHOW COLUMNS FROM `group_goods` [ RunTime:0.012692s ]
SQL: SHOW COLUMNS FROM `group_category` [ RunTime:0.004502s ]
SQL: SHOW COLUMNS FROM `group_locality` [ RunTime:0.004676s ]
SQL: SHOW COLUMNS FROM `group_shop` [ RunTime:0.004528s ]
SQL: SELECT COUNT(*) AS tp_count FROM group_goods goods  JOIN group_category category ON goods.cid=category.cid  JOIN group_locality locality ON goods.lid=locality.lid  JOIN group_shop shop ON goods.shopid=shop.shopid LIMIT 1   [ RunTime:0.001617s ]
SQL: SELECT goods.gid AS gid,goods.shopid AS shopid,goods.cid AS cid,goods.lid AS lid,goods.main_title AS main_title,goods.sub_title AS sub_title,goods.price AS price,goods.old_price AS old_price,goods.buy AS buy,goods.goods_img AS goods_img,category.cname AS cname,locality.lname AS lname,shop.shopname AS shopname FROM group_goods goods  JOIN group_category category ON goods.cid=category.cid  JOIN group_locality locality ON goods.lid=locality.lid  JOIN group_shop shop ON goods.shopid=shop.shopid LIMIT 0,1   [ RunTime:0.000514s ]
INFO: [ view_parse ] --START--
INFO: ParseTemplate Behavior ::run [ RunTime:0.038865s ]
INFO: [ view_parse ] --END-- [ RunTime:0.038962s ]
INFO: [ view_filter ] --START--
INFO: ContentReplace Behavior ::run [ RunTime:0.005085s ]
INFO: TokenBuild Behavior ::run [ RunTime:0.004986s ]
INFO: WriteHtmlCache Behavior ::run [ RunTime:0.005069s ]
INFO: ShowRuntime Behavior ::run [ RunTime:0.005242s ]
INFO: [ view_filter ] --END-- [ RunTime:0.020592s ]
INFO: [ view_end ] --START--
INFO: ShowPageTrace Behavior ::run [ RunTime:0.005175s ]
INFO: [ view_end ] --END-- [ RunTime:0.005252s ]

[ 2015-02-25T16:41:39+08:00 ] 127.0.0.1 /qingguo/groupManage.php/goods/edit/gid/1
INFO: [ route_check ] --START--
INFO: CheckRoute Behavior ::run [ RunTime:0.005430s ]
INFO: [ route_check ] --END-- [ RunTime:0.005540s ]
INFO: [ app_begin ] --START--
INFO: ReadHtmlCache Behavior ::run [ RunTime:0.005076s ]
INFO: [ app_begin ] --END-- [ RunTime:0.005150s ]
SQL: SHOW COLUMNS FROM `group_category` [ RunTime:0.017143s ]
SQL: SELECT * FROM `group_category`  [ RunTime:0.001370s ]
NOTIC: [8] Undefined index:  G:\php\htdocs\qingguo\ThinkPHP\Extend\Library\ORG\Util\Data.class.php 第 121 行.
NOTIC: [8] Undefined index:  G:\php\htdocs\qingguo\ThinkPHP\Extend\Library\ORG\Util\Data.class.php 第 121 行.
NOTIC: [8] Undefined index:  G:\php\htdocs\qingguo\ThinkPHP\Extend\Library\ORG\Util\Data.class.php 第 121 行.
NOTIC: [8] Undefined index:  G:\php\htdocs\qingguo\ThinkPHP\Extend\Library\ORG\Util\Data.class.php 第 121 行.
NOTIC: [8] Undefined index:  G:\php\htdocs\qingguo\ThinkPHP\Extend\Library\ORG\Util\Data.class.php 第 121 行.
SQL: SHOW COLUMNS FROM `group_locality` [ RunTime:0.005351s ]
SQL: SELECT * FROM `group_locality`  [ RunTime:0.002784s ]
NOTIC: [8] Undefined index:  G:\php\htdocs\qingguo\ThinkPHP\Extend\Library\ORG\Util\Data.class.php 第 121 行.
NOTIC: [8] Undefined index:  G:\php\htdocs\qingguo\ThinkPHP\Extend\Library\ORG\Util\Data.class.php 第 121 行.
SQL: SHOW COLUMNS FROM `group_goods_detail` [ RunTime:0.005235s ]
SQL: SELECT * FROM `group_goods_detail` WHERE ( `goods_id` = 1 ) LIMIT 1   [ RunTime:0.001944s ]
SQL: SHOW COLUMNS FROM `group_goods` [ RunTime:0.004335s ]
SQL: SHOW COLUMNS FROM `group_category` [ RunTime:0.006103s ]
SQL: SHOW COLUMNS FROM `group_locality` [ RunTime:0.005876s ]
SQL: SHOW COLUMNS FROM `group_shop` [ RunTime:0.004063s ]
SQL: SELECT goods.gid AS gid,goods.shopid AS shopid,goods.cid AS cid,goods.lid AS lid,goods.main_title AS main_title,goods.sub_title AS sub_title,goods.price AS price,goods.old_price AS old_price,goods.buy AS buy,goods.goods_img AS goods_img,category.cname AS cname,locality.lname AS lname,shop.shopname AS shopname FROM group_goods goods  JOIN group_category category ON goods.cid=category.cid  JOIN group_locality locality ON goods.lid=locality.lid  JOIN group_shop shop ON goods.shopid=shop.shopid WHERE ( goods.gid = 1 ) LIMIT 1   [ RunTime:0.001709s ]
INFO: [ view_parse ] --START--
INFO: ParseTemplate Behavior ::run [ RunTime:0.042275s ]
INFO: [ view_parse ] --END-- [ RunTime:0.042383s ]
INFO: [ view_filter ] --START--
INFO: ContentReplace Behavior ::run [ RunTime:0.005265s ]
INFO: TokenBuild Behavior ::run [ RunTime:0.004970s ]
INFO: WriteHtmlCache Behavior ::run [ RunTime:0.004880s ]
INFO: ShowRuntime Behavior ::run [ RunTime:0.005306s ]
INFO: [ view_filter ] --END-- [ RunTime:0.020636s ]
INFO: [ view_end ] --START--
INFO: ShowPageTrace Behavior ::run [ RunTime:0.005247s ]
INFO: [ view_end ] --END-- [ RunTime:0.005319s ]

[ 2015-02-25T16:41:41+08:00 ] 127.0.0.1 /qingguo/groupManage.php/goods/edit/gid/
INFO: [ route_check ] --START--
INFO: CheckRoute Behavior ::run [ RunTime:0.008184s ]
INFO: [ route_check ] --END-- [ RunTime:0.008305s ]
INFO: [ app_begin ] --START--
INFO: ReadHtmlCache Behavior ::run [ RunTime:0.005442s ]
INFO: [ app_begin ] --END-- [ RunTime:0.005531s ]
NOTIC: [8] Undefined index: gid G:\php\htdocs\qingguo\Gmanage\Lib\Action\GoodsAction.class.php 第 14 行.
SQL: SHOW COLUMNS FROM `group_category` [ RunTime:0.011893s ]
SQL: SELECT * FROM `group_category`  [ RunTime:0.004942s ]
NOTIC: [8] Undefined index:  G:\php\htdocs\qingguo\ThinkPHP\Extend\Library\ORG\Util\Data.class.php 第 121 行.
NOTIC: [8] Undefined index:  G:\php\htdocs\qingguo\ThinkPHP\Extend\Library\ORG\Util\Data.class.php 第 121 行.
NOTIC: [8] Undefined index:  G:\php\htdocs\qingguo\ThinkPHP\Extend\Library\ORG\Util\Data.class.php 第 121 行.
NOTIC: [8] Undefined index:  G:\php\htdocs\qingguo\ThinkPHP\Extend\Library\ORG\Util\Data.class.php 第 121 行.
NOTIC: [8] Undefined index:  G:\php\htdocs\qingguo\ThinkPHP\Extend\Library\ORG\Util\Data.class.php 第 121 行.
SQL: SHOW COLUMNS FROM `group_locality` [ RunTime:0.006033s ]
SQL: SELECT * FROM `group_locality`  [ RunTime:0.002089s ]
NOTIC: [8] Undefined index:  G:\php\htdocs\qingguo\ThinkPHP\Extend\Library\ORG\Util\Data.class.php 第 121 行.
NOTIC: [8] Undefined index:  G:\php\htdocs\qingguo\ThinkPHP\Extend\Library\ORG\Util\Data.class.php 第 121 行.
SQL: SHOW COLUMNS FROM `group_goods_detail` [ RunTime:0.008264s ]
SQL: SELECT * FROM `group_goods_detail` WHERE ( `goods_id` = 0 ) LIMIT 1   [ RunTime:0.000580s ]
SQL: SHOW COLUMNS FROM `group_goods` [ RunTime:0.005525s ]
SQL: SHOW COLUMNS FROM `group_category` [ RunTime:0.006623s ]
SQL: SHOW COLUMNS FROM `group_locality` [ RunTime:0.005691s ]
SQL: SHOW COLUMNS FROM `group_shop` [ RunTime:0.004456s ]
SQL: SELECT goods.gid AS gid,goods.shopid AS shopid,goods.cid AS cid,goods.lid AS lid,goods.main_title AS main_title,goods.sub_title AS sub_title,goods.price AS price,goods.old_price AS old_price,goods.buy AS buy,goods.goods_img AS goods_img,category.cname AS cname,locality.lname AS lname,shop.shopname AS shopname FROM group_goods goods  JOIN group_category category ON goods.cid=category.cid  JOIN group_locality locality ON goods.lid=locality.lid  JOIN group_shop shop ON goods.shopid=shop.shopid WHERE ( goods.gid = 0 ) LIMIT 1   [ RunTime:0.001465s ]
INFO: [ view_parse ] --START--
NOTIC: [8] Undefined index: gid G:\php\htdocs\qingguo\Gmanage\Runtime\Cache\762ef86a5170c305305b11dda784753d.php 第 26 行.
NOTIC: [8] Undefined index: shopid G:\php\htdocs\qingguo\Gmanage\Runtime\Cache\762ef86a5170c305305b11dda784753d.php 第 39 行.
NOTIC: [8] Undefined index: shopname G:\php\htdocs\qingguo\Gmanage\Runtime\Cache\762ef86a5170c305305b11dda784753d.php 第 39 行.
NOTIC: [8] Undefined index: cid G:\php\htdocs\qingguo\Gmanage\Runtime\Cache\762ef86a5170c305305b11dda784753d.php 第 46 行.
NOTIC: [8] Undefined index: cname G:\php\htdocs\qingguo\Gmanage\Runtime\Cache\762ef86a5170c305305b11dda784753d.php 第 46 行.
NOTIC: [8] Undefined index: lid G:\php\htdocs\qingguo\Gmanage\Runtime\Cache\762ef86a5170c305305b11dda784753d.php 第 56 行.
NOTIC: [8] Undefined index: lname G:\php\htdocs\qingguo\Gmanage\Runtime\Cache\762ef86a5170c305305b11dda784753d.php 第 56 行.
NOTIC: [8] Undefined index: main_title G:\php\htdocs\qingguo\Gmanage\Runtime\Cache\762ef86a5170c305305b11dda784753d.php 第 64 行.
NOTIC: [8] Undefined index: sub_title G:\php\htdocs\qingguo\Gmanage\Runtime\Cache\762ef86a5170c305305b11dda784753d.php 第 69 行.
NOTIC: [8] Undefined index: price G:\php\htdocs\qingguo\Gmanage\Runtime\Cache\762ef86a5170c305305b11dda784753d.php 第 74 行.
NOTIC: [8] Undefined index: old_price G:\php\htdocs\qingguo\Gmanage\Runtime\Cache\762ef86a5170c305305b11dda784753d.php 第 79 行.
NOTIC: [8] Undefined index: goods_img G:\php\htdocs\qingguo\Gmanage\Runtime\Cache\762ef86a5170c305305b11dda784753d.php 第 85 行.
NOTIC: [8] Undefined index: goods_img G:\php\htdocs\qingguo\Gmanage\Runtime\Cache\762ef86a5170c305305b11dda784753d.php 第 86 行.
NOTIC: [8] Undefined index: goods_img G:\php\htdocs\qingguo\Gmanage\Runtime\Cache\762ef86a5170c305305b11dda784753d.php 第 87 行.
NOTIC: [2] in_array() expects parameter 2 to be array, boolean given G:\php\htdocs\qingguo\Gmanage\Runtime\Cache\762ef86a5170c305305b11dda784753d.php 第 121 行.
NOTIC: [2] in_array() expects parameter 2 to be array, boolean given G:\php\htdocs\qingguo\Gmanage\Runtime\Cache\762ef86a5170c305305b11dda784753d.php 第 121 行.
NOTIC: [2] in_array() expects parameter 2 to be array, boolean given G:\php\htdocs\qingguo\Gmanage\Runtime\Cache\762ef86a5170c305305b11dda784753d.php 第 121 行.
INFO: ParseTemplate Behavior ::run [ RunTime:0.043418s ]
INFO: [ view_parse ] --END-- [ RunTime:0.043507s ]
INFO: [ view_filter ] --START--
INFO: ContentReplace Behavior ::run [ RunTime:0.005448s ]
INFO: TokenBuild Behavior ::run [ RunTime:0.004996s ]
INFO: WriteHtmlCache Behavior ::run [ RunTime:0.005106s ]
INFO: ShowRuntime Behavior ::run [ RunTime:0.005607s ]
INFO: [ view_filter ] --END-- [ RunTime:0.021377s ]
INFO: [ view_end ] --START--
INFO: ShowPageTrace Behavior ::run [ RunTime:0.005231s ]
INFO: [ view_end ] --END-- [ RunTime:0.005304s ]

