[ 2015-01-14T13:11:32+08:00 ] 127.0.0.1 /qingguo/groupManage.php
INFO: [ app_begin ] --START--
INFO: ReadHtmlCache Behavior ::run [ RunTime:0.009637s ]
INFO: [ app_begin ] --END-- [ RunTime:0.009770s ]
INFO: [ view_parse ] --START--
INFO: ParseTemplate Behavior ::run [ RunTime:0.086943s ]
INFO: [ view_parse ] --END-- [ RunTime:0.087052s ]
INFO: [ view_filter ] --START--
INFO: ContentReplace Behavior ::run [ RunTime:0.009445s ]
INFO: TokenBuild Behavior ::run [ RunTime:0.009291s ]
INFO: WriteHtmlCache Behavior ::run [ RunTime:0.009175s ]
INFO: ShowRuntime Behavior ::run [ RunTime:0.009501s ]
INFO: [ view_filter ] --END-- [ RunTime:0.037629s ]
INFO: [ view_end ] --START--
INFO: ShowPageTrace Behavior ::run [ RunTime:0.010296s ]
INFO: [ view_end ] --END-- [ RunTime:0.010382s ]

[ 2015-01-14T13:11:32+08:00 ] 127.0.0.1 /qingguo/groupManage.php/index/welcome
INFO: [ route_check ] --START--
INFO: CheckRoute Behavior ::run [ RunTime:0.009816s ]
INFO: [ route_check ] --END-- [ RunTime:0.009934s ]
INFO: [ app_begin ] --START--
INFO: ReadHtmlCache Behavior ::run [ RunTime:0.009613s ]
INFO: [ app_begin ] --END-- [ RunTime:0.009720s ]
INFO: [ view_parse ] --START--
INFO: ParseTemplate Behavior ::run [ RunTime:0.093206s ]
INFO: [ view_parse ] --END-- [ RunTime:0.093326s ]
INFO: [ view_filter ] --START--
INFO: ContentReplace Behavior ::run [ RunTime:0.009319s ]
INFO: TokenBuild Behavior ::run [ RunTime:0.009340s ]
INFO: WriteHtmlCache Behavior ::run [ RunTime:0.009291s ]
INFO: ShowRuntime Behavior ::run [ RunTime:0.009421s ]
INFO: [ view_filter ] --END-- [ RunTime:0.037610s ]
INFO: [ view_end ] --START--
INFO: ShowPageTrace Behavior ::run [ RunTime:0.009570s ]
INFO: [ view_end ] --END-- [ RunTime:0.009646s ]

[ 2015-01-14T13:11:38+08:00 ] 127.0.0.1 /qingguo/groupManage.php/locality/index
INFO: [ route_check ] --START--
INFO: CheckRoute Behavior ::run [ RunTime:0.010192s ]
INFO: [ route_check ] --END-- [ RunTime:0.010328s ]
INFO: [ app_begin ] --START--
INFO: ReadHtmlCache Behavior ::run [ RunTime:0.009860s ]
INFO: [ app_begin ] --END-- [ RunTime:0.009998s ]
SQL: SHOW COLUMNS FROM `group_locality` [ RunTime:0.012503s ]
NOTIC: [8] Undefined index: lid G:\php\htdocs\qingguo\Gmanage\Lib\Action\LocalityAction.class.php 第 13 行.
SQL: SELECT * FROM `group_locality`  [ RunTime:0.004264s ]
NOTIC: [8] Undefined index:  G:\php\htdocs\qingguo\ThinkPHP\Extend\Library\ORG\Util\Data.class.php 第 121 行.
INFO: [ view_parse ] --START--
INFO: ParseTemplate Behavior ::run [ RunTime:0.108652s ]
INFO: [ view_parse ] --END-- [ RunTime:0.108780s ]
INFO: [ view_filter ] --START--
INFO: ContentReplace Behavior ::run [ RunTime:0.009749s ]
INFO: TokenBuild Behavior ::run [ RunTime:0.009998s ]
INFO: WriteHtmlCache Behavior ::run [ RunTime:0.010345s ]
INFO: ShowRuntime Behavior ::run [ RunTime:0.009781s ]
INFO: [ view_filter ] --END-- [ RunTime:0.040111s ]
INFO: [ view_end ] --START--
INFO: ShowPageTrace Behavior ::run [ RunTime:0.009722s ]
INFO: [ view_end ] --END-- [ RunTime:0.009814s ]

[ 2015-01-14T13:11:43+08:00 ] 127.0.0.1 /qingguo/groupManage.php/locality/add
INFO: [ route_check ] --START--
INFO: CheckRoute Behavior ::run [ RunTime:0.009863s ]
INFO: [ route_check ] --END-- [ RunTime:0.009983s ]
INFO: [ app_begin ] --START--
INFO: ReadHtmlCache Behavior ::run [ RunTime:0.009532s ]
INFO: [ app_begin ] --END-- [ RunTime:0.009621s ]
SQL: SHOW COLUMNS FROM `group_locality` [ RunTime:0.007899s ]
NOTIC: [8] Undefined index: lid G:\php\htdocs\qingguo\Gmanage\Lib\Action\LocalityAction.class.php 第 13 行.
SQL: SELECT `lname`,`lid` FROM `group_locality` WHERE ( `lid` = 0 ) LIMIT 1   [ RunTime:0.001490s ]
SQL: SELECT * FROM `group_locality`  [ RunTime:0.000374s ]
NOTIC: [8] Undefined index:  G:\php\htdocs\qingguo\ThinkPHP\Extend\Library\ORG\Util\Data.class.php 第 121 行.
INFO: [ view_parse ] --START--
INFO: ParseTemplate Behavior ::run [ RunTime:0.110895s ]
INFO: [ view_parse ] --END-- [ RunTime:0.111009s ]
INFO: [ view_filter ] --START--
INFO: ContentReplace Behavior ::run [ RunTime:0.011532s ]
INFO: TokenBuild Behavior ::run [ RunTime:0.010056s ]
INFO: WriteHtmlCache Behavior ::run [ RunTime:0.009742s ]
INFO: ShowRuntime Behavior ::run [ RunTime:0.010452s ]
INFO: [ view_filter ] --END-- [ RunTime:0.042032s ]
INFO: [ view_end ] --START--
INFO: ShowPageTrace Behavior ::run [ RunTime:0.010057s ]
INFO: [ view_end ] --END-- [ RunTime:0.010141s ]

[ 2015-01-14T13:11:56+08:00 ] 127.0.0.1 /qingguo/groupManage.php/locality/add
INFO: [ route_check ] --START--
INFO: CheckRoute Behavior ::run [ RunTime:0.009816s ]
INFO: [ route_check ] --END-- [ RunTime:0.009939s ]
INFO: [ app_begin ] --START--
INFO: ReadHtmlCache Behavior ::run [ RunTime:0.009483s ]
INFO: [ app_begin ] --END-- [ RunTime:0.009567s ]
SQL: SHOW COLUMNS FROM `group_locality` [ RunTime:0.013533s ]
NOTIC: [8] Undefined index: lid G:\php\htdocs\qingguo\Gmanage\Lib\Action\LocalityAction.class.php 第 13 行.
SQL: INSERT INTO `group_locality` (`lname`,`sort`,`pid`,`display`) VALUES ('历城区',2,0,1) [ RunTime:0.103430s ]
ERR: 1062:Duplicate entry '0' for key 'pid_UNIQUE'
 [ SQL语句 ] : INSERT INTO `group_locality` (`lname`,`sort`,`pid`,`display`) VALUES ('历城区',2,0,1)
ERR: 添加地区失败

[ 2015-01-14T13:15:59+08:00 ] 127.0.0.1 /qingguo/groupManage.php/locality/add
INFO: [ route_check ] --START--
INFO: CheckRoute Behavior ::run [ RunTime:0.010213s ]
INFO: [ route_check ] --END-- [ RunTime:0.010331s ]
INFO: [ app_begin ] --START--
INFO: ReadHtmlCache Behavior ::run [ RunTime:0.010005s ]
INFO: [ app_begin ] --END-- [ RunTime:0.010087s ]
SQL: SHOW COLUMNS FROM `group_locality` [ RunTime:0.013501s ]
NOTIC: [8] Undefined index: lid G:\php\htdocs\qingguo\Gmanage\Lib\Action\LocalityAction.class.php 第 13 行.
SQL: INSERT INTO `group_locality` (`lname`,`sort`,`pid`,`display`) VALUES ('历城区',2,0,1) [ RunTime:0.006962s ]
INFO: [ view_parse ] --START--
NOTIC: [8] Undefined variable: error G:\php\htdocs\qingguo\Gmanage\Runtime\Cache\601939d8f47d76133e8112da531d3a21.php 第 61 行.
NOTIC: [8] Undefined variable: error G:\php\htdocs\qingguo\Gmanage\Runtime\Cache\601939d8f47d76133e8112da531d3a21.php 第 65 行.
INFO: ParseTemplate Behavior ::run [ RunTime:0.112882s ]
INFO: [ view_parse ] --END-- [ RunTime:0.113032s ]
INFO: [ view_filter ] --START--
INFO: ContentReplace Behavior ::run [ RunTime:0.009512s ]
INFO: TokenBuild Behavior ::run [ RunTime:0.009870s ]
INFO: WriteHtmlCache Behavior ::run [ RunTime:0.009743s ]
INFO: ShowRuntime Behavior ::run [ RunTime:0.009418s ]
INFO: [ view_filter ] --END-- [ RunTime:0.038767s ]
INFO: [ view_end ] --START--
INFO: ShowPageTrace Behavior ::run [ RunTime:0.010073s ]
INFO: [ view_end ] --END-- [ RunTime:0.010147s ]

[ 2015-01-14T13:16:01+08:00 ] 127.0.0.1 /qingguo/groupManage.php/locality/index
INFO: [ route_check ] --START--
INFO: CheckRoute Behavior ::run [ RunTime:0.010882s ]
INFO: [ route_check ] --END-- [ RunTime:0.011002s ]
INFO: [ app_begin ] --START--
INFO: ReadHtmlCache Behavior ::run [ RunTime:0.010701s ]
INFO: [ app_begin ] --END-- [ RunTime:0.010789s ]
SQL: SHOW COLUMNS FROM `group_locality` [ RunTime:0.012323s ]
NOTIC: [8] Undefined index: lid G:\php\htdocs\qingguo\Gmanage\Lib\Action\LocalityAction.class.php 第 13 行.
SQL: SELECT * FROM `group_locality`  [ RunTime:0.004296s ]
NOTIC: [8] Undefined index:  G:\php\htdocs\qingguo\ThinkPHP\Extend\Library\ORG\Util\Data.class.php 第 121 行.
NOTIC: [8] Undefined index:  G:\php\htdocs\qingguo\ThinkPHP\Extend\Library\ORG\Util\Data.class.php 第 121 行.
NOTIC: [8] Undefined index:  G:\php\htdocs\qingguo\ThinkPHP\Extend\Library\ORG\Util\Data.class.php 第 121 行.
INFO: [ view_parse ] --START--
INFO: ParseTemplate Behavior ::run [ RunTime:0.068568s ]
INFO: [ view_parse ] --END-- [ RunTime:0.068884s ]
INFO: [ view_filter ] --START--
INFO: ContentReplace Behavior ::run [ RunTime:0.009777s ]
INFO: TokenBuild Behavior ::run [ RunTime:0.009711s ]
INFO: WriteHtmlCache Behavior ::run [ RunTime:0.009362s ]
INFO: ShowRuntime Behavior ::run [ RunTime:0.009957s ]
INFO: [ view_filter ] --END-- [ RunTime:0.039028s ]
INFO: [ view_end ] --START--
INFO: ShowPageTrace Behavior ::run [ RunTime:0.009850s ]
INFO: [ view_end ] --END-- [ RunTime:0.009920s ]

[ 2015-01-14T13:30:53+08:00 ] 127.0.0.1 /qingguo/groupManage.php/locality/index
INFO: [ route_check ] --START--
INFO: CheckRoute Behavior ::run [ RunTime:0.011511s ]
INFO: [ route_check ] --END-- [ RunTime:0.011639s ]
INFO: [ app_begin ] --START--
INFO: ReadHtmlCache Behavior ::run [ RunTime:0.010854s ]
INFO: [ app_begin ] --END-- [ RunTime:0.010950s ]
SQL: SHOW COLUMNS FROM `group_locality` [ RunTime:0.019330s ]
NOTIC: [8] Undefined index: lid G:\php\htdocs\qingguo\Gmanage\Lib\Action\LocalityAction.class.php 第 13 行.
SQL: SELECT * FROM `group_locality`  [ RunTime:0.001136s ]
NOTIC: [8] Undefined index:  G:\php\htdocs\qingguo\ThinkPHP\Extend\Library\ORG\Util\Data.class.php 第 121 行.
NOTIC: [8] Undefined index:  G:\php\htdocs\qingguo\ThinkPHP\Extend\Library\ORG\Util\Data.class.php 第 121 行.
INFO: [ view_parse ] --START--
INFO: ParseTemplate Behavior ::run [ RunTime:0.068806s ]
INFO: [ view_parse ] --END-- [ RunTime:0.068937s ]
INFO: [ view_filter ] --START--
INFO: ContentReplace Behavior ::run [ RunTime:0.009549s ]
INFO: TokenBuild Behavior ::run [ RunTime:0.009733s ]
INFO: WriteHtmlCache Behavior ::run [ RunTime:0.009590s ]
INFO: ShowRuntime Behavior ::run [ RunTime:0.009585s ]
INFO: [ view_filter ] --END-- [ RunTime:0.038676s ]
INFO: [ view_end ] --START--
INFO: ShowPageTrace Behavior ::run [ RunTime:0.010295s ]
INFO: [ view_end ] --END-- [ RunTime:0.010372s ]

[ 2015-01-14T13:31:01+08:00 ] 127.0.0.1 /qingguo/groupManage.php/locality/edit/lid/7
INFO: [ route_check ] --START--
INFO: CheckRoute Behavior ::run [ RunTime:0.009838s ]
INFO: [ route_check ] --END-- [ RunTime:0.009957s ]
INFO: [ app_begin ] --START--
INFO: ReadHtmlCache Behavior ::run [ RunTime:0.009588s ]
INFO: [ app_begin ] --END-- [ RunTime:0.009686s ]
SQL: SHOW COLUMNS FROM `group_locality` [ RunTime:0.010985s ]
SQL: SELECT * FROM `group_locality`  [ RunTime:0.000517s ]
NOTIC: [8] Undefined index:  G:\php\htdocs\qingguo\ThinkPHP\Extend\Library\ORG\Util\Data.class.php 第 121 行.
NOTIC: [8] Undefined index:  G:\php\htdocs\qingguo\ThinkPHP\Extend\Library\ORG\Util\Data.class.php 第 121 行.
SQL: SELECT * FROM `group_locality` WHERE ( `lid` = 7 ) LIMIT 1   [ RunTime:0.000506s ]
SQL: SELECT `lname`,`lid` FROM `group_locality` WHERE ( `lid` = 1 ) LIMIT 1   [ RunTime:0.000419s ]
INFO: [ view_parse ] --START--
INFO: ParseTemplate Behavior ::run [ RunTime:0.085280s ]
INFO: [ view_parse ] --END-- [ RunTime:0.085387s ]
INFO: [ view_filter ] --START--
INFO: ContentReplace Behavior ::run [ RunTime:0.009469s ]
INFO: TokenBuild Behavior ::run [ RunTime:0.009390s ]
INFO: WriteHtmlCache Behavior ::run [ RunTime:0.009392s ]
INFO: ShowRuntime Behavior ::run [ RunTime:0.009481s ]
INFO: [ view_filter ] --END-- [ RunTime:0.037981s ]
INFO: [ view_end ] --START--
INFO: ShowPageTrace Behavior ::run [ RunTime:0.010129s ]
INFO: [ view_end ] --END-- [ RunTime:0.010216s ]

[ 2015-01-14T13:31:05+08:00 ] 127.0.0.1 /qingguo/groupManage.php/locality/edit/lid/7
INFO: [ route_check ] --START--
INFO: CheckRoute Behavior ::run [ RunTime:0.009909s ]
INFO: [ route_check ] --END-- [ RunTime:0.010033s ]
INFO: [ app_begin ] --START--
INFO: ReadHtmlCache Behavior ::run [ RunTime:0.009562s ]
INFO: [ app_begin ] --END-- [ RunTime:0.009651s ]
SQL: SHOW COLUMNS FROM `group_locality` [ RunTime:0.012563s ]
SQL: UPDATE `group_locality` SET `lname`='小营路1',`sort`=12,`pid`=1,`display`=1 WHERE ( `lid` = 7 ) [ RunTime:0.007095s ]
INFO: [ view_parse ] --START--
NOTIC: [8] Undefined variable: error G:\php\htdocs\qingguo\Gmanage\Runtime\Cache\601939d8f47d76133e8112da531d3a21.php 第 61 行.
NOTIC: [8] Undefined variable: error G:\php\htdocs\qingguo\Gmanage\Runtime\Cache\601939d8f47d76133e8112da531d3a21.php 第 65 行.
INFO: ParseTemplate Behavior ::run [ RunTime:0.071797s ]
INFO: [ view_parse ] --END-- [ RunTime:0.071905s ]
INFO: [ view_filter ] --START--
INFO: ContentReplace Behavior ::run [ RunTime:0.010204s ]
INFO: TokenBuild Behavior ::run [ RunTime:0.009698s ]
INFO: WriteHtmlCache Behavior ::run [ RunTime:0.009869s ]
INFO: ShowRuntime Behavior ::run [ RunTime:0.009997s ]
INFO: [ view_filter ] --END-- [ RunTime:0.039998s ]
INFO: [ view_end ] --START--
INFO: ShowPageTrace Behavior ::run [ RunTime:0.009890s ]
INFO: [ view_end ] --END-- [ RunTime:0.009977s ]

[ 2015-01-14T13:31:16+08:00 ] 127.0.0.1 /qingguo/groupManage.php/locality/index
INFO: [ route_check ] --START--
INFO: CheckRoute Behavior ::run [ RunTime:0.009773s ]
INFO: [ route_check ] --END-- [ RunTime:0.009884s ]
INFO: [ app_begin ] --START--
INFO: ReadHtmlCache Behavior ::run [ RunTime:0.009482s ]
INFO: [ app_begin ] --END-- [ RunTime:0.009570s ]
SQL: SHOW COLUMNS FROM `group_locality` [ RunTime:0.010875s ]
NOTIC: [8] Undefined index: lid G:\php\htdocs\qingguo\Gmanage\Lib\Action\LocalityAction.class.php 第 13 行.
SQL: SELECT * FROM `group_locality`  [ RunTime:0.004868s ]
NOTIC: [8] Undefined index:  G:\php\htdocs\qingguo\ThinkPHP\Extend\Library\ORG\Util\Data.class.php 第 121 行.
NOTIC: [8] Undefined index:  G:\php\htdocs\qingguo\ThinkPHP\Extend\Library\ORG\Util\Data.class.php 第 121 行.
INFO: [ view_parse ] --START--
INFO: ParseTemplate Behavior ::run [ RunTime:0.071229s ]
INFO: [ view_parse ] --END-- [ RunTime:0.071344s ]
INFO: [ view_filter ] --START--
INFO: ContentReplace Behavior ::run [ RunTime:0.009517s ]
INFO: TokenBuild Behavior ::run [ RunTime:0.009631s ]
INFO: WriteHtmlCache Behavior ::run [ RunTime:0.009812s ]
INFO: ShowRuntime Behavior ::run [ RunTime:0.009892s ]
INFO: [ view_filter ] --END-- [ RunTime:0.039083s ]
INFO: [ view_end ] --START--
INFO: ShowPageTrace Behavior ::run [ RunTime:0.010264s ]
INFO: [ view_end ] --END-- [ RunTime:0.010342s ]

