[ 2015-01-11T00:47:55+08:00 ] 127.0.0.1 /qingguo/groupManage.php
INFO: [ app_begin ] --START--
INFO: ReadHtmlCache Behavior ::run [ RunTime:0.030768s ]
INFO: [ app_begin ] --END-- [ RunTime:0.050178s ]
INFO: [ view_parse ] --START--
INFO: ParseTemplate Behavior ::run [ RunTime:0.153485s ]
INFO: [ view_parse ] --END-- [ RunTime:0.153607s ]
INFO: [ view_filter ] --START--
INFO: ContentReplace Behavior ::run [ RunTime:0.009291s ]
INFO: TokenBuild Behavior ::run [ RunTime:0.009302s ]
INFO: WriteHtmlCache Behavior ::run [ RunTime:0.009112s ]
INFO: ShowRuntime Behavior ::run [ RunTime:0.009265s ]
INFO: [ view_filter ] --END-- [ RunTime:0.037193s ]
INFO: [ view_end ] --START--
INFO: ShowPageTrace Behavior ::run [ RunTime:0.009643s ]
INFO: [ view_end ] --END-- [ RunTime:0.009727s ]

[ 2015-01-11T00:47:58+08:00 ] 127.0.0.1 /qingguo/groupManage.php/index/welcome
INFO: [ route_check ] --START--
INFO: CheckRoute Behavior ::run [ RunTime:0.009942s ]
INFO: [ route_check ] --END-- [ RunTime:0.010066s ]
INFO: [ app_begin ] --START--
INFO: ReadHtmlCache Behavior ::run [ RunTime:0.009919s ]
INFO: [ app_begin ] --END-- [ RunTime:0.010022s ]
INFO: [ view_parse ] --START--
INFO: ParseTemplate Behavior ::run [ RunTime:0.256239s ]
INFO: [ view_parse ] --END-- [ RunTime:0.256386s ]
INFO: [ view_filter ] --START--
INFO: ContentReplace Behavior ::run [ RunTime:0.015031s ]
INFO: TokenBuild Behavior ::run [ RunTime:0.015218s ]
INFO: WriteHtmlCache Behavior ::run [ RunTime:0.010014s ]
INFO: ShowRuntime Behavior ::run [ RunTime:0.009661s ]
INFO: [ view_filter ] --END-- [ RunTime:0.050220s ]
INFO: [ view_end ] --START--
INFO: ShowPageTrace Behavior ::run [ RunTime:0.010155s ]
INFO: [ view_end ] --END-- [ RunTime:0.010239s ]

[ 2015-01-11T00:48:05+08:00 ] 127.0.0.1 /qingguo/groupManage.php/category/index
INFO: [ route_check ] --START--
INFO: CheckRoute Behavior ::run [ RunTime:0.009744s ]
INFO: [ route_check ] --END-- [ RunTime:0.009875s ]
INFO: [ app_begin ] --START--
INFO: ReadHtmlCache Behavior ::run [ RunTime:0.009909s ]
INFO: [ app_begin ] --END-- [ RunTime:0.010013s ]
SQL: SHOW COLUMNS FROM `group_category` [ RunTime:0.932417s ]
NOTIC: [8] Undefined index: cid G:\php\htdocs\qingguo\Gmanage\Lib\Action\CategoryAction.class.php 第 15 行.
SQL: SELECT * FROM `group_category`  [ RunTime:0.172071s ]
NOTIC: [8] Undefined index:  G:\php\htdocs\qingguo\ThinkPHP\Extend\Library\ORG\Util\Data.class.php 第 121 行.
INFO: [ view_parse ] --START--
INFO: ParseTemplate Behavior ::run [ RunTime:0.607550s ]
INFO: [ view_parse ] --END-- [ RunTime:0.607658s ]
INFO: [ view_filter ] --START--
INFO: ContentReplace Behavior ::run [ RunTime:0.012894s ]
INFO: TokenBuild Behavior ::run [ RunTime:0.010816s ]
INFO: WriteHtmlCache Behavior ::run [ RunTime:0.009145s ]
INFO: ShowRuntime Behavior ::run [ RunTime:0.009309s ]
INFO: [ view_filter ] --END-- [ RunTime:0.042411s ]
INFO: [ view_end ] --START--
INFO: ShowPageTrace Behavior ::run [ RunTime:0.009595s ]
INFO: [ view_end ] --END-- [ RunTime:0.009677s ]

