[ 2015-01-25T15:01:42+08:00 ] 127.0.0.1 /qingguo/groupManage.php
INFO: [ app_begin ] --START--
INFO: ReadHtmlCache Behavior ::run [ RunTime:0.009927s ]
INFO: [ app_begin ] --END-- [ RunTime:0.010046s ]
INFO: [ view_parse ] --START--
INFO: ParseTemplate Behavior ::run [ RunTime:0.088301s ]
INFO: [ view_parse ] --END-- [ RunTime:0.088404s ]
INFO: [ view_filter ] --START--
INFO: ContentReplace Behavior ::run [ RunTime:0.010670s ]
INFO: TokenBuild Behavior ::run [ RunTime:0.010202s ]
INFO: WriteHtmlCache Behavior ::run [ RunTime:0.010115s ]
INFO: ShowRuntime Behavior ::run [ RunTime:0.010470s ]
INFO: [ view_filter ] --END-- [ RunTime:0.041724s ]
INFO: [ view_end ] --START--
INFO: ShowPageTrace Behavior ::run [ RunTime:0.010744s ]
INFO: [ view_end ] --END-- [ RunTime:0.010832s ]

[ 2015-01-25T15:01:43+08:00 ] 127.0.0.1 /qingguo/groupManage.php/index/welcome
INFO: [ route_check ] --START--
INFO: CheckRoute Behavior ::run [ RunTime:0.018249s ]
INFO: [ route_check ] --END-- [ RunTime:0.018433s ]
INFO: [ app_begin ] --START--
INFO: ReadHtmlCache Behavior ::run [ RunTime:0.011453s ]
INFO: [ app_begin ] --END-- [ RunTime:0.011632s ]
INFO: [ view_parse ] --START--
INFO: ParseTemplate Behavior ::run [ RunTime:0.069672s ]
INFO: [ view_parse ] --END-- [ RunTime:0.069797s ]
INFO: [ view_filter ] --START--
INFO: ContentReplace Behavior ::run [ RunTime:0.010177s ]
INFO: TokenBuild Behavior ::run [ RunTime:0.009639s ]
INFO: WriteHtmlCache Behavior ::run [ RunTime:0.009901s ]
INFO: ShowRuntime Behavior ::run [ RunTime:0.009694s ]
INFO: [ view_filter ] --END-- [ RunTime:0.039658s ]
INFO: [ view_end ] --START--
INFO: ShowPageTrace Behavior ::run [ RunTime:0.010367s ]
INFO: [ view_end ] --END-- [ RunTime:0.010448s ]

