[ 2015-01-12T21:20:28+08:00 ] 127.0.0.1 /qingguo/groupManage.php/goods/index
INFO: [ route_check ] --START--
INFO: CheckRoute Behavior ::run [ RunTime:0.058718s ]
INFO: [ route_check ] --END-- [ RunTime:0.106589s ]
INFO: [ app_begin ] --START--
INFO: ReadHtmlCache Behavior ::run [ RunTime:0.047457s ]
INFO: [ app_begin ] --END-- [ RunTime:0.047599s ]
NOTIC: [8] Undefined index: gid G:\php\htdocs\qingguo\Gmanage\Lib\Action\GoodsAction.class.php 第 14 行.
SQL: SHOW COLUMNS FROM `group_goods` [ RunTime:0.459564s ]
SQL: SHOW COLUMNS FROM `group_category` [ RunTime:0.203458s ]
SQL: SHOW COLUMNS FROM `group_locality` [ RunTime:0.097549s ]
SQL: SHOW COLUMNS FROM `group_shop` [ RunTime:0.031823s ]
SQL: SELECT COUNT(*) AS tp_count FROM group_goods goods  JOIN group_category category ON goods.cid=category.cid  JOIN group_locality locality ON goods.lid=locality.lid  JOIN group_shop shop ON goods.shopid=shop.shopid LIMIT 1   [ RunTime:0.084621s ]
SQL: SELECT goods.gid AS gid,goods.shopid AS shopid,goods.cid AS cid,goods.lid AS lid,goods.main_title AS main_title,goods.sub_title AS sub_title,goods.price AS price,goods.old_price AS old_price,goods.buy AS buy,goods.goods_img AS goods_img,category.cname AS cname,locality.lname AS lname,shop.shopname AS shopname FROM group_goods goods  JOIN group_category category ON goods.cid=category.cid  JOIN group_locality locality ON goods.lid=locality.lid  JOIN group_shop shop ON goods.shopid=shop.shopid LIMIT 0,1   [ RunTime:0.000653s ]
INFO: [ view_parse ] --START--
INFO: ParseTemplate Behavior ::run [ RunTime:0.381305s ]
INFO: [ view_parse ] --END-- [ RunTime:0.381421s ]
INFO: [ view_filter ] --START--
INFO: ContentReplace Behavior ::run [ RunTime:0.027423s ]
INFO: TokenBuild Behavior ::run [ RunTime:0.021380s ]
INFO: WriteHtmlCache Behavior ::run [ RunTime:0.012282s ]
INFO: ShowRuntime Behavior ::run [ RunTime:0.009563s ]
INFO: [ view_filter ] --END-- [ RunTime:0.070890s ]
INFO: [ view_end ] --START--
INFO: ShowPageTrace Behavior ::run [ RunTime:0.009891s ]
INFO: [ view_end ] --END-- [ RunTime:0.009977s ]

[ 2015-01-12T21:20:33+08:00 ] 127.0.0.1 /qingguo/groupManage.php/
INFO: [ route_check ] --START--
INFO: CheckRoute Behavior ::run [ RunTime:0.010058s ]
INFO: [ route_check ] --END-- [ RunTime:0.010182s ]
INFO: [ app_begin ] --START--
INFO: ReadHtmlCache Behavior ::run [ RunTime:0.009770s ]
INFO: [ app_begin ] --END-- [ RunTime:0.009880s ]
INFO: [ view_parse ] --START--
INFO: ParseTemplate Behavior ::run [ RunTime:0.114154s ]
INFO: [ view_parse ] --END-- [ RunTime:0.114318s ]
INFO: [ view_filter ] --START--
INFO: ContentReplace Behavior ::run [ RunTime:0.010410s ]
INFO: TokenBuild Behavior ::run [ RunTime:0.010214s ]
INFO: WriteHtmlCache Behavior ::run [ RunTime:0.009865s ]
INFO: ShowRuntime Behavior ::run [ RunTime:0.009348s ]
INFO: [ view_filter ] --END-- [ RunTime:0.040061s ]
INFO: [ view_end ] --START--
INFO: ShowPageTrace Behavior ::run [ RunTime:0.009918s ]
INFO: [ view_end ] --END-- [ RunTime:0.009996s ]

[ 2015-01-12T21:20:34+08:00 ] 127.0.0.1 /qingguo/groupManage.php/index/welcome
INFO: [ route_check ] --START--
INFO: CheckRoute Behavior ::run [ RunTime:0.010582s ]
INFO: [ route_check ] --END-- [ RunTime:0.010724s ]
INFO: [ app_begin ] --START--
INFO: ReadHtmlCache Behavior ::run [ RunTime:0.009771s ]
INFO: [ app_begin ] --END-- [ RunTime:0.009853s ]
INFO: [ view_parse ] --START--
INFO: ParseTemplate Behavior ::run [ RunTime:0.081518s ]
INFO: [ view_parse ] --END-- [ RunTime:0.081626s ]
INFO: [ view_filter ] --START--
INFO: ContentReplace Behavior ::run [ RunTime:0.010485s ]
INFO: TokenBuild Behavior ::run [ RunTime:0.009487s ]
INFO: WriteHtmlCache Behavior ::run [ RunTime:0.009735s ]
INFO: ShowRuntime Behavior ::run [ RunTime:0.009982s ]
INFO: [ view_filter ] --END-- [ RunTime:0.039911s ]
INFO: [ view_end ] --START--
INFO: ShowPageTrace Behavior ::run [ RunTime:0.009630s ]
INFO: [ view_end ] --END-- [ RunTime:0.009701s ]

[ 2015-01-12T21:20:39+08:00 ] 127.0.0.1 /qingguo/groupManage.php/shop/index
INFO: [ route_check ] --START--
INFO: CheckRoute Behavior ::run [ RunTime:0.010909s ]
INFO: [ route_check ] --END-- [ RunTime:0.011028s ]
INFO: [ app_begin ] --START--
INFO: ReadHtmlCache Behavior ::run [ RunTime:0.010797s ]
INFO: [ app_begin ] --END-- [ RunTime:0.010887s ]
SQL: SHOW COLUMNS FROM `group_shop` [ RunTime:0.010404s ]
NOTIC: [8] Undefined index: shopid G:\php\htdocs\qingguo\Gmanage\Lib\Action\ShopAction.class.php 第 14 行.
SQL: SELECT COUNT(*) AS tp_count FROM `group_shop` LIMIT 1   [ RunTime:0.003946s ]
SQL: SELECT * FROM `group_shop` LIMIT 0,1   [ RunTime:0.000504s ]
INFO: [ view_parse ] --START--
INFO: ParseTemplate Behavior ::run [ RunTime:0.171364s ]
INFO: [ view_parse ] --END-- [ RunTime:0.171518s ]
INFO: [ view_filter ] --START--
INFO: ContentReplace Behavior ::run [ RunTime:0.013233s ]
INFO: TokenBuild Behavior ::run [ RunTime:0.010086s ]
INFO: WriteHtmlCache Behavior ::run [ RunTime:0.009747s ]
INFO: ShowRuntime Behavior ::run [ RunTime:0.009408s ]
INFO: [ view_filter ] --END-- [ RunTime:0.043053s ]
INFO: [ view_end ] --START--
INFO: ShowPageTrace Behavior ::run [ RunTime:0.010029s ]
INFO: [ view_end ] --END-- [ RunTime:0.010198s ]

[ 2015-01-12T21:20:42+08:00 ] 127.0.0.1 /qingguo/groupManage.php/shop/edit/shopid/2
INFO: [ route_check ] --START--
INFO: CheckRoute Behavior ::run [ RunTime:0.009914s ]
INFO: [ route_check ] --END-- [ RunTime:0.010035s ]
INFO: [ app_begin ] --START--
INFO: ReadHtmlCache Behavior ::run [ RunTime:0.009526s ]
INFO: [ app_begin ] --END-- [ RunTime:0.009617s ]
SQL: SHOW COLUMNS FROM `group_shop` [ RunTime:0.005773s ]
SQL: SELECT * FROM `group_shop` WHERE ( `shopid` = 2 ) LIMIT 1   [ RunTime:0.030410s ]
INFO: [ view_parse ] --START--
INFO: ParseTemplate Behavior ::run [ RunTime:0.107385s ]
INFO: [ view_parse ] --END-- [ RunTime:0.107485s ]
INFO: [ view_filter ] --START--
INFO: ContentReplace Behavior ::run [ RunTime:0.010086s ]
INFO: TokenBuild Behavior ::run [ RunTime:0.009454s ]
INFO: WriteHtmlCache Behavior ::run [ RunTime:0.010309s ]
INFO: ShowRuntime Behavior ::run [ RunTime:0.010035s ]
INFO: [ view_filter ] --END-- [ RunTime:0.040117s ]
INFO: [ view_end ] --START--
INFO: ShowPageTrace Behavior ::run [ RunTime:0.010142s ]
INFO: [ view_end ] --END-- [ RunTime:0.010221s ]

[ 2015-01-12T21:21:33+08:00 ] 127.0.0.1 /qingguo/groupManage.php/goods/index
INFO: [ route_check ] --START--
INFO: CheckRoute Behavior ::run [ RunTime:0.010439s ]
INFO: [ route_check ] --END-- [ RunTime:0.010555s ]
INFO: [ app_begin ] --START--
INFO: ReadHtmlCache Behavior ::run [ RunTime:0.010795s ]
INFO: [ app_begin ] --END-- [ RunTime:0.010886s ]
NOTIC: [8] Undefined index: gid G:\php\htdocs\qingguo\Gmanage\Lib\Action\GoodsAction.class.php 第 14 行.
SQL: SHOW COLUMNS FROM `group_goods` [ RunTime:0.007239s ]
SQL: SHOW COLUMNS FROM `group_category` [ RunTime:0.007281s ]
SQL: SHOW COLUMNS FROM `group_locality` [ RunTime:0.004787s ]
SQL: SHOW COLUMNS FROM `group_shop` [ RunTime:0.004732s ]
SQL: SELECT COUNT(*) AS tp_count FROM group_goods goods  JOIN group_category category ON goods.cid=category.cid  JOIN group_locality locality ON goods.lid=locality.lid  JOIN group_shop shop ON goods.shopid=shop.shopid LIMIT 1   [ RunTime:0.001555s ]
SQL: SELECT goods.gid AS gid,goods.shopid AS shopid,goods.cid AS cid,goods.lid AS lid,goods.main_title AS main_title,goods.sub_title AS sub_title,goods.price AS price,goods.old_price AS old_price,goods.buy AS buy,goods.goods_img AS goods_img,category.cname AS cname,locality.lname AS lname,shop.shopname AS shopname FROM group_goods goods  JOIN group_category category ON goods.cid=category.cid  JOIN group_locality locality ON goods.lid=locality.lid  JOIN group_shop shop ON goods.shopid=shop.shopid LIMIT 0,1   [ RunTime:0.000731s ]
INFO: [ view_parse ] --START--
INFO: ParseTemplate Behavior ::run [ RunTime:0.075867s ]
INFO: [ view_parse ] --END-- [ RunTime:0.075969s ]
INFO: [ view_filter ] --START--
INFO: ContentReplace Behavior ::run [ RunTime:0.009973s ]
INFO: TokenBuild Behavior ::run [ RunTime:0.010066s ]
INFO: WriteHtmlCache Behavior ::run [ RunTime:0.009779s ]
INFO: ShowRuntime Behavior ::run [ RunTime:0.010116s ]
INFO: [ view_filter ] --END-- [ RunTime:0.040183s ]
INFO: [ view_end ] --START--
INFO: ShowPageTrace Behavior ::run [ RunTime:0.010850s ]
INFO: [ view_end ] --END-- [ RunTime:0.010940s ]

[ 2015-01-12T21:21:37+08:00 ] 127.0.0.1 /qingguo/groupManage.php/goods/edit/gid/27
INFO: [ route_check ] --START--
INFO: CheckRoute Behavior ::run [ RunTime:0.010544s ]
INFO: [ route_check ] --END-- [ RunTime:0.010659s ]
INFO: [ app_begin ] --START--
INFO: ReadHtmlCache Behavior ::run [ RunTime:0.010141s ]
INFO: [ app_begin ] --END-- [ RunTime:0.010228s ]
SQL: SHOW COLUMNS FROM `group_category` [ RunTime:0.012337s ]
SQL: SELECT * FROM `group_category`  [ RunTime:0.003965s ]
NOTIC: [8] Undefined index:  G:\php\htdocs\qingguo\ThinkPHP\Extend\Library\ORG\Util\Data.class.php 第 121 行.
SQL: SHOW COLUMNS FROM `group_locality` [ RunTime:0.004571s ]
SQL: SELECT * FROM `group_locality`  [ RunTime:0.002121s ]
NOTIC: [8] Undefined index:  G:\php\htdocs\qingguo\ThinkPHP\Extend\Library\ORG\Util\Data.class.php 第 121 行.
SQL: SHOW COLUMNS FROM `group_goods_detail` [ RunTime:0.035511s ]
SQL: SELECT * FROM `group_goods_detail` WHERE ( `goods_id` = 27 ) LIMIT 1   [ RunTime:0.015993s ]
SQL: SHOW COLUMNS FROM `group_goods` [ RunTime:0.005692s ]
SQL: SHOW COLUMNS FROM `group_category` [ RunTime:0.007137s ]
SQL: SHOW COLUMNS FROM `group_locality` [ RunTime:0.009283s ]
SQL: SHOW COLUMNS FROM `group_shop` [ RunTime:0.005506s ]
SQL: SELECT goods.gid AS gid,goods.shopid AS shopid,goods.cid AS cid,goods.lid AS lid,goods.main_title AS main_title,goods.sub_title AS sub_title,goods.price AS price,goods.old_price AS old_price,goods.buy AS buy,goods.goods_img AS goods_img,category.cname AS cname,locality.lname AS lname,shop.shopname AS shopname FROM group_goods goods  JOIN group_category category ON goods.cid=category.cid  JOIN group_locality locality ON goods.lid=locality.lid  JOIN group_shop shop ON goods.shopid=shop.shopid WHERE ( goods.gid = 27 ) LIMIT 1   [ RunTime:0.002858s ]
INFO: [ view_parse ] --START--
INFO: ParseTemplate Behavior ::run [ RunTime:0.084370s ]
INFO: [ view_parse ] --END-- [ RunTime:0.084466s ]
INFO: [ view_filter ] --START--
INFO: ContentReplace Behavior ::run [ RunTime:0.009852s ]
INFO: TokenBuild Behavior ::run [ RunTime:0.009835s ]
INFO: WriteHtmlCache Behavior ::run [ RunTime:0.009361s ]
INFO: ShowRuntime Behavior ::run [ RunTime:0.009898s ]
INFO: [ view_filter ] --END-- [ RunTime:0.039163s ]
INFO: [ view_end ] --START--
INFO: ShowPageTrace Behavior ::run [ RunTime:0.010258s ]
INFO: [ view_end ] --END-- [ RunTime:0.010330s ]

[ 2015-01-12T21:21:39+08:00 ] 127.0.0.1 /qingguo/groupManage.php/goods/edit/gid/
INFO: [ route_check ] --START--
INFO: CheckRoute Behavior ::run [ RunTime:0.010528s ]
INFO: [ route_check ] --END-- [ RunTime:0.010645s ]
INFO: [ app_begin ] --START--
INFO: ReadHtmlCache Behavior ::run [ RunTime:0.009870s ]
INFO: [ app_begin ] --END-- [ RunTime:0.009950s ]
NOTIC: [8] Undefined index: gid G:\php\htdocs\qingguo\Gmanage\Lib\Action\GoodsAction.class.php 第 14 行.
SQL: SHOW COLUMNS FROM `group_category` [ RunTime:0.011862s ]
SQL: SELECT * FROM `group_category`  [ RunTime:0.004567s ]
NOTIC: [8] Undefined index:  G:\php\htdocs\qingguo\ThinkPHP\Extend\Library\ORG\Util\Data.class.php 第 121 行.
SQL: SHOW COLUMNS FROM `group_locality` [ RunTime:0.007003s ]
SQL: SELECT * FROM `group_locality`  [ RunTime:0.003637s ]
NOTIC: [8] Undefined index:  G:\php\htdocs\qingguo\ThinkPHP\Extend\Library\ORG\Util\Data.class.php 第 121 行.
SQL: SHOW COLUMNS FROM `group_goods_detail` [ RunTime:0.005019s ]
SQL: SELECT * FROM `group_goods_detail` WHERE ( `goods_id` = 0 ) LIMIT 1   [ RunTime:0.001611s ]
SQL: SHOW COLUMNS FROM `group_goods` [ RunTime:0.004822s ]
SQL: SHOW COLUMNS FROM `group_category` [ RunTime:0.008409s ]
SQL: SHOW COLUMNS FROM `group_locality` [ RunTime:0.005779s ]
SQL: SHOW COLUMNS FROM `group_shop` [ RunTime:0.004700s ]
SQL: SELECT goods.gid AS gid,goods.shopid AS shopid,goods.cid AS cid,goods.lid AS lid,goods.main_title AS main_title,goods.sub_title AS sub_title,goods.price AS price,goods.old_price AS old_price,goods.buy AS buy,goods.goods_img AS goods_img,category.cname AS cname,locality.lname AS lname,shop.shopname AS shopname FROM group_goods goods  JOIN group_category category ON goods.cid=category.cid  JOIN group_locality locality ON goods.lid=locality.lid  JOIN group_shop shop ON goods.shopid=shop.shopid WHERE ( goods.gid = 0 ) LIMIT 1   [ RunTime:0.001629s ]
INFO: [ view_parse ] --START--
NOTIC: [8] Undefined index: gid G:\php\htdocs\qingguo\Gmanage\Runtime\Cache\762ef86a5170c305305b11dda784753d.php 第 26 行.
NOTIC: [8] Undefined index: shopid G:\php\htdocs\qingguo\Gmanage\Runtime\Cache\762ef86a5170c305305b11dda784753d.php 第 39 行.
NOTIC: [8] Undefined index: shopname G:\php\htdocs\qingguo\Gmanage\Runtime\Cache\762ef86a5170c305305b11dda784753d.php 第 39 行.
NOTIC: [8] Undefined index: cid G:\php\htdocs\qingguo\Gmanage\Runtime\Cache\762ef86a5170c305305b11dda784753d.php 第 46 行.
NOTIC: [8] Undefined index: cname G:\php\htdocs\qingguo\Gmanage\Runtime\Cache\762ef86a5170c305305b11dda784753d.php 第 46 行.
NOTIC: [8] Undefined index: lid G:\php\htdocs\qingguo\Gmanage\Runtime\Cache\762ef86a5170c305305b11dda784753d.php 第 56 行.
NOTIC: [8] Undefined index: lname G:\php\htdocs\qingguo\Gmanage\Runtime\Cache\762ef86a5170c305305b11dda784753d.php 第 56 行.
NOTIC: [8] Undefined index: main_title G:\php\htdocs\qingguo\Gmanage\Runtime\Cache\762ef86a5170c305305b11dda784753d.php 第 64 行.
NOTIC: [8] Undefined index: sub_title G:\php\htdocs\qingguo\Gmanage\Runtime\Cache\762ef86a5170c305305b11dda784753d.php 第 69 行.
NOTIC: [8] Undefined index: price G:\php\htdocs\qingguo\Gmanage\Runtime\Cache\762ef86a5170c305305b11dda784753d.php 第 74 行.
NOTIC: [8] Undefined index: old_price G:\php\htdocs\qingguo\Gmanage\Runtime\Cache\762ef86a5170c305305b11dda784753d.php 第 79 行.
NOTIC: [8] Undefined index: goods_img G:\php\htdocs\qingguo\Gmanage\Runtime\Cache\762ef86a5170c305305b11dda784753d.php 第 85 行.
NOTIC: [8] Undefined index: goods_img G:\php\htdocs\qingguo\Gmanage\Runtime\Cache\762ef86a5170c305305b11dda784753d.php 第 86 行.
NOTIC: [8] Undefined index: goods_img G:\php\htdocs\qingguo\Gmanage\Runtime\Cache\762ef86a5170c305305b11dda784753d.php 第 87 行.
NOTIC: [2] in_array() expects parameter 2 to be array, boolean given G:\php\htdocs\qingguo\Gmanage\Runtime\Cache\762ef86a5170c305305b11dda784753d.php 第 121 行.
NOTIC: [2] in_array() expects parameter 2 to be array, boolean given G:\php\htdocs\qingguo\Gmanage\Runtime\Cache\762ef86a5170c305305b11dda784753d.php 第 121 行.
NOTIC: [2] in_array() expects parameter 2 to be array, boolean given G:\php\htdocs\qingguo\Gmanage\Runtime\Cache\762ef86a5170c305305b11dda784753d.php 第 121 行.
INFO: ParseTemplate Behavior ::run [ RunTime:0.077956s ]
INFO: [ view_parse ] --END-- [ RunTime:0.078160s ]
INFO: [ view_filter ] --START--
INFO: ContentReplace Behavior ::run [ RunTime:0.009972s ]
INFO: TokenBuild Behavior ::run [ RunTime:0.010372s ]
INFO: WriteHtmlCache Behavior ::run [ RunTime:0.009311s ]
INFO: ShowRuntime Behavior ::run [ RunTime:0.010401s ]
INFO: [ view_filter ] --END-- [ RunTime:0.040325s ]
INFO: [ view_end ] --START--
INFO: ShowPageTrace Behavior ::run [ RunTime:0.010694s ]
INFO: [ view_end ] --END-- [ RunTime:0.010778s ]

[ 2015-01-12T21:21:52+08:00 ] 127.0.0.1 /qingguo/groupManage.php/goods/del/gid/27
INFO: [ route_check ] --START--
INFO: CheckRoute Behavior ::run [ RunTime:0.009816s ]
INFO: [ route_check ] --END-- [ RunTime:0.009927s ]
INFO: [ app_begin ] --START--
INFO: ReadHtmlCache Behavior ::run [ RunTime:0.009463s ]
INFO: [ app_begin ] --END-- [ RunTime:0.009545s ]
SQL: SHOW COLUMNS FROM `group_goods_detail` [ RunTime:0.011550s ]
SQL: SELECT * FROM `group_goods_detail` WHERE ( `goods_id` = 27 ) LIMIT 1   [ RunTime:0.003976s ]
SQL: SHOW COLUMNS FROM `group_goods` [ RunTime:0.005218s ]
SQL: SHOW COLUMNS FROM `group_category` [ RunTime:0.004982s ]
SQL: SHOW COLUMNS FROM `group_locality` [ RunTime:0.004546s ]
SQL: SHOW COLUMNS FROM `group_shop` [ RunTime:0.004387s ]
SQL: SELECT goods.gid AS gid,goods.shopid AS shopid,goods.cid AS cid,goods.lid AS lid,goods.main_title AS main_title,goods.sub_title AS sub_title,goods.price AS price,goods.old_price AS old_price,goods.buy AS buy,goods.goods_img AS goods_img,category.cname AS cname,locality.lname AS lname,shop.shopname AS shopname FROM group_goods goods  JOIN group_category category ON goods.cid=category.cid  JOIN group_locality locality ON goods.lid=locality.lid  JOIN group_shop shop ON goods.shopid=shop.shopid WHERE ( goods.gid = 27 ) LIMIT 1   [ RunTime:0.001663s ]
SQL: DELETE FROM `group_goods_detail` WHERE ( `goods_id` = 27 ) [ RunTime:0.088992s ]
SQL: DELETE FROM `group_goods` WHERE ( `gid` = 27 ) [ RunTime:0.049083s ]
INFO: [ view_parse ] --START--
NOTIC: [8] Undefined variable: error G:\php\htdocs\qingguo\Gmanage\Runtime\Cache\601939d8f47d76133e8112da531d3a21.php 第 61 行.
NOTIC: [8] Undefined variable: error G:\php\htdocs\qingguo\Gmanage\Runtime\Cache\601939d8f47d76133e8112da531d3a21.php 第 65 行.
INFO: ParseTemplate Behavior ::run [ RunTime:0.126608s ]
INFO: [ view_parse ] --END-- [ RunTime:0.126847s ]
INFO: [ view_filter ] --START--
INFO: ContentReplace Behavior ::run [ RunTime:0.022966s ]
INFO: TokenBuild Behavior ::run [ RunTime:0.010482s ]
INFO: WriteHtmlCache Behavior ::run [ RunTime:0.010044s ]
INFO: ShowRuntime Behavior ::run [ RunTime:0.010263s ]
INFO: [ view_filter ] --END-- [ RunTime:0.054033s ]
INFO: [ view_end ] --START--
INFO: ShowPageTrace Behavior ::run [ RunTime:0.010194s ]
INFO: [ view_end ] --END-- [ RunTime:0.010273s ]

[ 2015-01-12T21:21:55+08:00 ] 127.0.0.1 /qingguo/groupManage.php/goods/index
INFO: [ route_check ] --START--
INFO: CheckRoute Behavior ::run [ RunTime:0.009815s ]
INFO: [ route_check ] --END-- [ RunTime:0.009926s ]
INFO: [ app_begin ] --START--
INFO: ReadHtmlCache Behavior ::run [ RunTime:0.009539s ]
INFO: [ app_begin ] --END-- [ RunTime:0.009620s ]
NOTIC: [8] Undefined index: gid G:\php\htdocs\qingguo\Gmanage\Lib\Action\GoodsAction.class.php 第 14 行.
SQL: SHOW COLUMNS FROM `group_goods` [ RunTime:0.006752s ]
SQL: SHOW COLUMNS FROM `group_category` [ RunTime:0.006835s ]
SQL: SHOW COLUMNS FROM `group_locality` [ RunTime:0.004764s ]
SQL: SHOW COLUMNS FROM `group_shop` [ RunTime:0.004625s ]
SQL: SELECT COUNT(*) AS tp_count FROM group_goods goods  JOIN group_category category ON goods.cid=category.cid  JOIN group_locality locality ON goods.lid=locality.lid  JOIN group_shop shop ON goods.shopid=shop.shopid LIMIT 1   [ RunTime:0.001678s ]
SQL: SELECT goods.gid AS gid,goods.shopid AS shopid,goods.cid AS cid,goods.lid AS lid,goods.main_title AS main_title,goods.sub_title AS sub_title,goods.price AS price,goods.old_price AS old_price,goods.buy AS buy,goods.goods_img AS goods_img,category.cname AS cname,locality.lname AS lname,shop.shopname AS shopname FROM group_goods goods  JOIN group_category category ON goods.cid=category.cid  JOIN group_locality locality ON goods.lid=locality.lid  JOIN group_shop shop ON goods.shopid=shop.shopid LIMIT 0,1   [ RunTime:0.000534s ]
INFO: [ view_parse ] --START--
INFO: ParseTemplate Behavior ::run [ RunTime:0.065846s ]
INFO: [ view_parse ] --END-- [ RunTime:0.065948s ]
INFO: [ view_filter ] --START--
INFO: ContentReplace Behavior ::run [ RunTime:0.009828s ]
INFO: TokenBuild Behavior ::run [ RunTime:0.010157s ]
INFO: WriteHtmlCache Behavior ::run [ RunTime:0.009466s ]
INFO: ShowRuntime Behavior ::run [ RunTime:0.010198s ]
INFO: [ view_filter ] --END-- [ RunTime:0.039880s ]
INFO: [ view_end ] --START--
INFO: ShowPageTrace Behavior ::run [ RunTime:0.010018s ]
INFO: [ view_end ] --END-- [ RunTime:0.010094s ]

[ 2015-01-12T22:08:21+08:00 ] 127.0.0.1 /qingguo/groupManage.php
INFO: [ app_begin ] --START--
INFO: ReadHtmlCache Behavior ::run [ RunTime:0.009919s ]
INFO: [ app_begin ] --END-- [ RunTime:0.010051s ]
INFO: [ view_parse ] --START--
INFO: ParseTemplate Behavior ::run [ RunTime:0.166423s ]
INFO: [ view_parse ] --END-- [ RunTime:0.166580s ]
INFO: [ view_filter ] --START--
INFO: ContentReplace Behavior ::run [ RunTime:0.022027s ]
INFO: TokenBuild Behavior ::run [ RunTime:0.017083s ]
INFO: WriteHtmlCache Behavior ::run [ RunTime:0.011135s ]
INFO: ShowRuntime Behavior ::run [ RunTime:0.011070s ]
INFO: [ view_filter ] --END-- [ RunTime:0.061668s ]
INFO: [ view_end ] --START--
INFO: ShowPageTrace Behavior ::run [ RunTime:0.010252s ]
INFO: [ view_end ] --END-- [ RunTime:0.010330s ]

[ 2015-01-12T22:08:25+08:00 ] 127.0.0.1 /qingguo/groupManage.php/index/welcome
INFO: [ route_check ] --START--
INFO: CheckRoute Behavior ::run [ RunTime:0.010176s ]
INFO: [ route_check ] --END-- [ RunTime:0.010303s ]
INFO: [ app_begin ] --START--
INFO: ReadHtmlCache Behavior ::run [ RunTime:0.009811s ]
INFO: [ app_begin ] --END-- [ RunTime:0.009905s ]
INFO: [ view_parse ] --START--
INFO: ParseTemplate Behavior ::run [ RunTime:0.594289s ]
INFO: [ view_parse ] --END-- [ RunTime:0.594413s ]
INFO: [ view_filter ] --START--
INFO: ContentReplace Behavior ::run [ RunTime:0.010005s ]
INFO: TokenBuild Behavior ::run [ RunTime:0.010326s ]
INFO: WriteHtmlCache Behavior ::run [ RunTime:0.009683s ]
INFO: ShowRuntime Behavior ::run [ RunTime:0.010540s ]
INFO: [ view_filter ] --END-- [ RunTime:0.040817s ]
INFO: [ view_end ] --START--
INFO: ShowPageTrace Behavior ::run [ RunTime:0.010699s ]
INFO: [ view_end ] --END-- [ RunTime:0.010818s ]

[ 2015-01-12T22:08:33+08:00 ] 127.0.0.1 /qingguo/groupManage.php/shop/index
INFO: [ route_check ] --START--
INFO: CheckRoute Behavior ::run [ RunTime:0.016923s ]
INFO: [ route_check ] --END-- [ RunTime:0.017127s ]
INFO: [ app_begin ] --START--
INFO: ReadHtmlCache Behavior ::run [ RunTime:0.022258s ]
INFO: [ app_begin ] --END-- [ RunTime:0.022424s ]
SQL: SHOW COLUMNS FROM `group_shop` [ RunTime:0.310971s ]
NOTIC: [8] Undefined index: shopid G:\php\htdocs\qingguo\Gmanage\Lib\Action\ShopAction.class.php 第 14 行.
SQL: SELECT COUNT(*) AS tp_count FROM `group_shop` LIMIT 1   [ RunTime:0.100203s ]
SQL: SELECT * FROM `group_shop` LIMIT 0,1   [ RunTime:0.000479s ]
INFO: [ view_parse ] --START--
INFO: ParseTemplate Behavior ::run [ RunTime:0.098890s ]
INFO: [ view_parse ] --END-- [ RunTime:0.098995s ]
INFO: [ view_filter ] --START--
INFO: ContentReplace Behavior ::run [ RunTime:0.009568s ]
INFO: TokenBuild Behavior ::run [ RunTime:0.009944s ]
INFO: WriteHtmlCache Behavior ::run [ RunTime:0.009413s ]
INFO: ShowRuntime Behavior ::run [ RunTime:0.010173s ]
INFO: [ view_filter ] --END-- [ RunTime:0.039333s ]
INFO: [ view_end ] --START--
INFO: ShowPageTrace Behavior ::run [ RunTime:0.009978s ]
INFO: [ view_end ] --END-- [ RunTime:0.010061s ]

[ 2015-01-12T22:08:36+08:00 ] 127.0.0.1 /qingguo/groupManage.php/shop/edit/shopid/2
INFO: [ route_check ] --START--
INFO: CheckRoute Behavior ::run [ RunTime:0.009750s ]
INFO: [ route_check ] --END-- [ RunTime:0.009869s ]
INFO: [ app_begin ] --START--
INFO: ReadHtmlCache Behavior ::run [ RunTime:0.009597s ]
INFO: [ app_begin ] --END-- [ RunTime:0.009692s ]
SQL: SHOW COLUMNS FROM `group_shop` [ RunTime:0.010200s ]
SQL: SELECT * FROM `group_shop` WHERE ( `shopid` = 2 ) LIMIT 1   [ RunTime:0.062544s ]
INFO: [ view_parse ] --START--
INFO: ParseTemplate Behavior ::run [ RunTime:0.097052s ]
INFO: [ view_parse ] --END-- [ RunTime:0.097241s ]
INFO: [ view_filter ] --START--
INFO: ContentReplace Behavior ::run [ RunTime:0.009325s ]
INFO: TokenBuild Behavior ::run [ RunTime:0.009752s ]
INFO: WriteHtmlCache Behavior ::run [ RunTime:0.009197s ]
INFO: ShowRuntime Behavior ::run [ RunTime:0.010194s ]
INFO: [ view_filter ] --END-- [ RunTime:0.038682s ]
INFO: [ view_end ] --START--
INFO: ShowPageTrace Behavior ::run [ RunTime:0.010460s ]
INFO: [ view_end ] --END-- [ RunTime:0.010546s ]

[ 2015-01-12T22:08:43+08:00 ] 127.0.0.1 /qingguo/groupManage.php
INFO: [ app_begin ] --START--
INFO: ReadHtmlCache Behavior ::run [ RunTime:0.009771s ]
INFO: [ app_begin ] --END-- [ RunTime:0.009890s ]
INFO: [ view_parse ] --START--
INFO: ParseTemplate Behavior ::run [ RunTime:0.064424s ]
INFO: [ view_parse ] --END-- [ RunTime:0.064526s ]
INFO: [ view_filter ] --START--
INFO: ContentReplace Behavior ::run [ RunTime:0.013546s ]
INFO: TokenBuild Behavior ::run [ RunTime:0.009676s ]
INFO: WriteHtmlCache Behavior ::run [ RunTime:0.009971s ]
INFO: ShowRuntime Behavior ::run [ RunTime:0.010189s ]
INFO: [ view_filter ] --END-- [ RunTime:0.043649s ]
INFO: [ view_end ] --START--
INFO: ShowPageTrace Behavior ::run [ RunTime:0.010485s ]
INFO: [ view_end ] --END-- [ RunTime:0.010571s ]

[ 2015-01-12T22:08:44+08:00 ] 127.0.0.1 /qingguo/groupManage.php/index/welcome
INFO: [ route_check ] --START--
INFO: CheckRoute Behavior ::run [ RunTime:0.010342s ]
INFO: [ route_check ] --END-- [ RunTime:0.010461s ]
INFO: [ app_begin ] --START--
INFO: ReadHtmlCache Behavior ::run [ RunTime:0.010297s ]
INFO: [ app_begin ] --END-- [ RunTime:0.010390s ]
INFO: [ view_parse ] --START--
INFO: ParseTemplate Behavior ::run [ RunTime:0.064873s ]
INFO: [ view_parse ] --END-- [ RunTime:0.064985s ]
INFO: [ view_filter ] --START--
INFO: ContentReplace Behavior ::run [ RunTime:0.009622s ]
INFO: TokenBuild Behavior ::run [ RunTime:0.010050s ]
INFO: WriteHtmlCache Behavior ::run [ RunTime:0.009366s ]
INFO: ShowRuntime Behavior ::run [ RunTime:0.010148s ]
INFO: [ view_filter ] --END-- [ RunTime:0.039420s ]
INFO: [ view_end ] --START--
INFO: ShowPageTrace Behavior ::run [ RunTime:0.010299s ]
INFO: [ view_end ] --END-- [ RunTime:0.010383s ]

[ 2015-01-12T23:06:49+08:00 ] 127.0.0.1 /qingguo/groupManage.php
INFO: [ app_begin ] --START--
INFO: ReadHtmlCache Behavior ::run [ RunTime:0.009590s ]
INFO: [ app_begin ] --END-- [ RunTime:0.009718s ]
INFO: [ view_parse ] --START--
INFO: ParseTemplate Behavior ::run [ RunTime:0.060733s ]
INFO: [ view_parse ] --END-- [ RunTime:0.060836s ]
INFO: [ view_filter ] --START--
INFO: ContentReplace Behavior ::run [ RunTime:0.009266s ]
INFO: TokenBuild Behavior ::run [ RunTime:0.009290s ]
INFO: WriteHtmlCache Behavior ::run [ RunTime:0.009200s ]
INFO: ShowRuntime Behavior ::run [ RunTime:0.009454s ]
INFO: [ view_filter ] --END-- [ RunTime:0.037435s ]
INFO: [ view_end ] --START--
INFO: ShowPageTrace Behavior ::run [ RunTime:0.009570s ]
INFO: [ view_end ] --END-- [ RunTime:0.009656s ]

[ 2015-01-12T23:06:49+08:00 ] 127.0.0.1 /qingguo/groupManage.php/index/welcome
INFO: [ route_check ] --START--
INFO: CheckRoute Behavior ::run [ RunTime:0.015812s ]
INFO: [ route_check ] --END-- [ RunTime:0.015976s ]
INFO: [ app_begin ] --START--
INFO: ReadHtmlCache Behavior ::run [ RunTime:0.013613s ]
INFO: [ app_begin ] --END-- [ RunTime:0.013804s ]
INFO: [ view_parse ] --START--
INFO: ParseTemplate Behavior ::run [ RunTime:0.066437s ]
INFO: [ view_parse ] --END-- [ RunTime:0.066585s ]
INFO: [ view_filter ] --START--
INFO: ContentReplace Behavior ::run [ RunTime:0.010368s ]
INFO: TokenBuild Behavior ::run [ RunTime:0.010124s ]
INFO: WriteHtmlCache Behavior ::run [ RunTime:0.009951s ]
INFO: ShowRuntime Behavior ::run [ RunTime:0.010542s ]
INFO: [ view_filter ] --END-- [ RunTime:0.041595s ]
INFO: [ view_end ] --START--
INFO: ShowPageTrace Behavior ::run [ RunTime:0.009805s ]
INFO: [ view_end ] --END-- [ RunTime:0.009880s ]

[ 2015-01-12T23:06:54+08:00 ] 127.0.0.1 /qingguo/groupManage.php/category/index
INFO: [ route_check ] --START--
INFO: CheckRoute Behavior ::run [ RunTime:0.010667s ]
INFO: [ route_check ] --END-- [ RunTime:0.010792s ]
INFO: [ app_begin ] --START--
INFO: ReadHtmlCache Behavior ::run [ RunTime:0.010363s ]
INFO: [ app_begin ] --END-- [ RunTime:0.010462s ]
SQL: SHOW COLUMNS FROM `group_category` [ RunTime:0.006819s ]
NOTIC: [8] Undefined index: cid G:\php\htdocs\qingguo\Gmanage\Lib\Action\CategoryAction.class.php 第 15 行.
SQL: SELECT * FROM `group_category`  [ RunTime:0.002352s ]
NOTIC: [8] Undefined index:  G:\php\htdocs\qingguo\ThinkPHP\Extend\Library\ORG\Util\Data.class.php 第 121 行.
INFO: [ view_parse ] --START--
INFO: ParseTemplate Behavior ::run [ RunTime:0.100155s ]
INFO: [ view_parse ] --END-- [ RunTime:0.100369s ]
INFO: [ view_filter ] --START--
INFO: ContentReplace Behavior ::run [ RunTime:0.010150s ]
INFO: TokenBuild Behavior ::run [ RunTime:0.010450s ]
INFO: WriteHtmlCache Behavior ::run [ RunTime:0.009593s ]
INFO: ShowRuntime Behavior ::run [ RunTime:0.010916s ]
INFO: [ view_filter ] --END-- [ RunTime:0.041957s ]
INFO: [ view_end ] --START--
INFO: ShowPageTrace Behavior ::run [ RunTime:0.010689s ]
INFO: [ view_end ] --END-- [ RunTime:0.010773s ]

[ 2015-01-12T23:06:59+08:00 ] 127.0.0.1 /qingguo/groupManage.php/category/add
INFO: [ route_check ] --START--
INFO: CheckRoute Behavior ::run [ RunTime:0.011465s ]
INFO: [ route_check ] --END-- [ RunTime:0.011633s ]
INFO: [ app_begin ] --START--
INFO: ReadHtmlCache Behavior ::run [ RunTime:0.010400s ]
INFO: [ app_begin ] --END-- [ RunTime:0.010511s ]
SQL: SHOW COLUMNS FROM `group_category` [ RunTime:0.008719s ]
NOTIC: [8] Undefined index: cid G:\php\htdocs\qingguo\Gmanage\Lib\Action\CategoryAction.class.php 第 15 行.
SQL: SELECT `cname`,`cid` FROM `group_category` WHERE ( `cid` = 0 ) LIMIT 1   [ RunTime:0.001283s ]
SQL: SELECT * FROM `group_category`  [ RunTime:0.000541s ]
NOTIC: [8] Undefined index:  G:\php\htdocs\qingguo\ThinkPHP\Extend\Library\ORG\Util\Data.class.php 第 121 行.
INFO: [ view_parse ] --START--
INFO: ParseTemplate Behavior ::run [ RunTime:0.106685s ]
INFO: [ view_parse ] --END-- [ RunTime:0.106801s ]
INFO: [ view_filter ] --START--
INFO: ContentReplace Behavior ::run [ RunTime:0.010167s ]
INFO: TokenBuild Behavior ::run [ RunTime:0.010223s ]
INFO: WriteHtmlCache Behavior ::run [ RunTime:0.010569s ]
INFO: ShowRuntime Behavior ::run [ RunTime:0.009766s ]
INFO: [ view_filter ] --END-- [ RunTime:0.041085s ]
INFO: [ view_end ] --START--
INFO: ShowPageTrace Behavior ::run [ RunTime:0.011211s ]
INFO: [ view_end ] --END-- [ RunTime:0.011313s ]

[ 2015-01-12T23:07:14+08:00 ] 127.0.0.1 /qingguo/groupManage.php/category/add
INFO: [ route_check ] --START--
INFO: CheckRoute Behavior ::run [ RunTime:0.009749s ]
INFO: [ route_check ] --END-- [ RunTime:0.009865s ]
INFO: [ app_begin ] --START--
INFO: ReadHtmlCache Behavior ::run [ RunTime:0.009428s ]
INFO: [ app_begin ] --END-- [ RunTime:0.009519s ]
SQL: SHOW COLUMNS FROM `group_category` [ RunTime:0.011727s ]
NOTIC: [8] Undefined index: cid G:\php\htdocs\qingguo\Gmanage\Lib\Action\CategoryAction.class.php 第 15 行.
SQL: INSERT INTO `group_category` (`cname`,`title`,`keywords`,`description`,`sort`,`pid`,`display`) VALUES ('休闲娱乐','休闲娱乐','休闲娱乐','休闲娱乐',2,0,1) [ RunTime:0.261715s ]
INFO: [ view_parse ] --START--
NOTIC: [8] Undefined variable: error G:\php\htdocs\qingguo\Gmanage\Runtime\Cache\601939d8f47d76133e8112da531d3a21.php 第 61 行.
NOTIC: [8] Undefined variable: error G:\php\htdocs\qingguo\Gmanage\Runtime\Cache\601939d8f47d76133e8112da531d3a21.php 第 65 行.
INFO: ParseTemplate Behavior ::run [ RunTime:0.066704s ]
INFO: [ view_parse ] --END-- [ RunTime:0.066795s ]
INFO: [ view_filter ] --START--
INFO: ContentReplace Behavior ::run [ RunTime:0.009884s ]
INFO: TokenBuild Behavior ::run [ RunTime:0.009568s ]
INFO: WriteHtmlCache Behavior ::run [ RunTime:0.010426s ]
INFO: ShowRuntime Behavior ::run [ RunTime:0.009414s ]
INFO: [ view_filter ] --END-- [ RunTime:0.039516s ]
INFO: [ view_end ] --START--
INFO: ShowPageTrace Behavior ::run [ RunTime:0.010447s ]
INFO: [ view_end ] --END-- [ RunTime:0.010524s ]

[ 2015-01-12T23:07:17+08:00 ] 127.0.0.1 /qingguo/groupManage.php/category/index
INFO: [ route_check ] --START--
INFO: CheckRoute Behavior ::run [ RunTime:0.009721s ]
INFO: [ route_check ] --END-- [ RunTime:0.009840s ]
INFO: [ app_begin ] --START--
INFO: ReadHtmlCache Behavior ::run [ RunTime:0.009443s ]
INFO: [ app_begin ] --END-- [ RunTime:0.009537s ]
SQL: SHOW COLUMNS FROM `group_category` [ RunTime:0.010075s ]
NOTIC: [8] Undefined index: cid G:\php\htdocs\qingguo\Gmanage\Lib\Action\CategoryAction.class.php 第 15 行.
SQL: SELECT * FROM `group_category`  [ RunTime:0.001877s ]
NOTIC: [8] Undefined index:  G:\php\htdocs\qingguo\ThinkPHP\Extend\Library\ORG\Util\Data.class.php 第 121 行.
NOTIC: [8] Undefined index:  G:\php\htdocs\qingguo\ThinkPHP\Extend\Library\ORG\Util\Data.class.php 第 121 行.
INFO: [ view_parse ] --START--
INFO: ParseTemplate Behavior ::run [ RunTime:0.064211s ]
INFO: [ view_parse ] --END-- [ RunTime:0.064312s ]
INFO: [ view_filter ] --START--
INFO: ContentReplace Behavior ::run [ RunTime:0.009289s ]
INFO: TokenBuild Behavior ::run [ RunTime:0.009354s ]
INFO: WriteHtmlCache Behavior ::run [ RunTime:0.009146s ]
INFO: ShowRuntime Behavior ::run [ RunTime:0.009319s ]
INFO: [ view_filter ] --END-- [ RunTime:0.037331s ]
INFO: [ view_end ] --START--
INFO: ShowPageTrace Behavior ::run [ RunTime:0.009574s ]
INFO: [ view_end ] --END-- [ RunTime:0.009654s ]

[ 2015-01-12T23:07:23+08:00 ] 127.0.0.1 /qingguo/groupManage.php/category/add
INFO: [ route_check ] --START--
INFO: CheckRoute Behavior ::run [ RunTime:0.009803s ]
INFO: [ route_check ] --END-- [ RunTime:0.009926s ]
INFO: [ app_begin ] --START--
INFO: ReadHtmlCache Behavior ::run [ RunTime:0.009443s ]
INFO: [ app_begin ] --END-- [ RunTime:0.009533s ]
SQL: SHOW COLUMNS FROM `group_category` [ RunTime:0.004908s ]
NOTIC: [8] Undefined index: cid G:\php\htdocs\qingguo\Gmanage\Lib\Action\CategoryAction.class.php 第 15 行.
SQL: SELECT `cname`,`cid` FROM `group_category` WHERE ( `cid` = 0 ) LIMIT 1   [ RunTime:0.001610s ]
SQL: SELECT * FROM `group_category`  [ RunTime:0.000560s ]
NOTIC: [8] Undefined index:  G:\php\htdocs\qingguo\ThinkPHP\Extend\Library\ORG\Util\Data.class.php 第 121 行.
NOTIC: [8] Undefined index:  G:\php\htdocs\qingguo\ThinkPHP\Extend\Library\ORG\Util\Data.class.php 第 121 行.
INFO: [ view_parse ] --START--
INFO: ParseTemplate Behavior ::run [ RunTime:0.076156s ]
INFO: [ view_parse ] --END-- [ RunTime:0.076269s ]
INFO: [ view_filter ] --START--
INFO: ContentReplace Behavior ::run [ RunTime:0.010305s ]
INFO: TokenBuild Behavior ::run [ RunTime:0.010294s ]
INFO: WriteHtmlCache Behavior ::run [ RunTime:0.009716s ]
INFO: ShowRuntime Behavior ::run [ RunTime:0.011160s ]
INFO: [ view_filter ] --END-- [ RunTime:0.041745s ]
INFO: [ view_end ] --START--
INFO: ShowPageTrace Behavior ::run [ RunTime:0.013251s ]
INFO: [ view_end ] --END-- [ RunTime:0.013337s ]

[ 2015-01-12T23:07:35+08:00 ] 127.0.0.1 /qingguo/groupManage.php/category/add
INFO: [ route_check ] --START--
INFO: CheckRoute Behavior ::run [ RunTime:0.010131s ]
INFO: [ route_check ] --END-- [ RunTime:0.010245s ]
INFO: [ app_begin ] --START--
INFO: ReadHtmlCache Behavior ::run [ RunTime:0.009822s ]
INFO: [ app_begin ] --END-- [ RunTime:0.009907s ]
SQL: SHOW COLUMNS FROM `group_category` [ RunTime:0.015278s ]
NOTIC: [8] Undefined index: cid G:\php\htdocs\qingguo\Gmanage\Lib\Action\CategoryAction.class.php 第 15 行.
SQL: INSERT INTO `group_category` (`cname`,`title`,`keywords`,`description`,`sort`,`pid`,`display`) VALUES ('电影','电影','电影','电影',2,0,1) [ RunTime:0.003192s ]
INFO: [ view_parse ] --START--
NOTIC: [8] Undefined variable: error G:\php\htdocs\qingguo\Gmanage\Runtime\Cache\601939d8f47d76133e8112da531d3a21.php 第 61 行.
NOTIC: [8] Undefined variable: error G:\php\htdocs\qingguo\Gmanage\Runtime\Cache\601939d8f47d76133e8112da531d3a21.php 第 65 行.
INFO: ParseTemplate Behavior ::run [ RunTime:0.066374s ]
INFO: [ view_parse ] --END-- [ RunTime:0.066475s ]
INFO: [ view_filter ] --START--
INFO: ContentReplace Behavior ::run [ RunTime:0.010347s ]
INFO: TokenBuild Behavior ::run [ RunTime:0.009540s ]
INFO: WriteHtmlCache Behavior ::run [ RunTime:0.010244s ]
INFO: ShowRuntime Behavior ::run [ RunTime:0.010548s ]
INFO: [ view_filter ] --END-- [ RunTime:0.040941s ]
INFO: [ view_end ] --START--
INFO: ShowPageTrace Behavior ::run [ RunTime:0.009982s ]
INFO: [ view_end ] --END-- [ RunTime:0.010063s ]

[ 2015-01-12T23:07:37+08:00 ] 127.0.0.1 /qingguo/groupManage.php/category/index
INFO: [ route_check ] --START--
INFO: CheckRoute Behavior ::run [ RunTime:0.009702s ]
INFO: [ route_check ] --END-- [ RunTime:0.009815s ]
INFO: [ app_begin ] --START--
INFO: ReadHtmlCache Behavior ::run [ RunTime:0.009502s ]
INFO: [ app_begin ] --END-- [ RunTime:0.009591s ]
SQL: SHOW COLUMNS FROM `group_category` [ RunTime:0.014132s ]
NOTIC: [8] Undefined index: cid G:\php\htdocs\qingguo\Gmanage\Lib\Action\CategoryAction.class.php 第 15 行.
SQL: SELECT * FROM `group_category`  [ RunTime:0.000873s ]
NOTIC: [8] Undefined index:  G:\php\htdocs\qingguo\ThinkPHP\Extend\Library\ORG\Util\Data.class.php 第 121 行.
NOTIC: [8] Undefined index:  G:\php\htdocs\qingguo\ThinkPHP\Extend\Library\ORG\Util\Data.class.php 第 121 行.
NOTIC: [8] Undefined index:  G:\php\htdocs\qingguo\ThinkPHP\Extend\Library\ORG\Util\Data.class.php 第 121 行.
INFO: [ view_parse ] --START--
INFO: ParseTemplate Behavior ::run [ RunTime:0.071229s ]
INFO: [ view_parse ] --END-- [ RunTime:0.071335s ]
INFO: [ view_filter ] --START--
INFO: ContentReplace Behavior ::run [ RunTime:0.010123s ]
INFO: TokenBuild Behavior ::run [ RunTime:0.009823s ]
INFO: WriteHtmlCache Behavior ::run [ RunTime:0.011715s ]
INFO: ShowRuntime Behavior ::run [ RunTime:0.010309s ]
INFO: [ view_filter ] --END-- [ RunTime:0.042205s ]
INFO: [ view_end ] --START--
INFO: ShowPageTrace Behavior ::run [ RunTime:0.010464s ]
INFO: [ view_end ] --END-- [ RunTime:0.010540s ]

[ 2015-01-12T23:07:45+08:00 ] 127.0.0.1 /qingguo/groupManage.php/category/add
INFO: [ route_check ] --START--
INFO: CheckRoute Behavior ::run [ RunTime:0.011175s ]
INFO: [ route_check ] --END-- [ RunTime:0.011378s ]
INFO: [ app_begin ] --START--
INFO: ReadHtmlCache Behavior ::run [ RunTime:0.010953s ]
INFO: [ app_begin ] --END-- [ RunTime:0.011061s ]
SQL: SHOW COLUMNS FROM `group_category` [ RunTime:0.006136s ]
NOTIC: [8] Undefined index: cid G:\php\htdocs\qingguo\Gmanage\Lib\Action\CategoryAction.class.php 第 15 行.
SQL: SELECT `cname`,`cid` FROM `group_category` WHERE ( `cid` = 0 ) LIMIT 1   [ RunTime:0.001943s ]
SQL: SELECT * FROM `group_category`  [ RunTime:0.000377s ]
NOTIC: [8] Undefined index:  G:\php\htdocs\qingguo\ThinkPHP\Extend\Library\ORG\Util\Data.class.php 第 121 行.
NOTIC: [8] Undefined index:  G:\php\htdocs\qingguo\ThinkPHP\Extend\Library\ORG\Util\Data.class.php 第 121 行.
NOTIC: [8] Undefined index:  G:\php\htdocs\qingguo\ThinkPHP\Extend\Library\ORG\Util\Data.class.php 第 121 行.
INFO: [ view_parse ] --START--
INFO: ParseTemplate Behavior ::run [ RunTime:0.071008s ]
INFO: [ view_parse ] --END-- [ RunTime:0.071158s ]
INFO: [ view_filter ] --START--
INFO: ContentReplace Behavior ::run [ RunTime:0.010412s ]
INFO: TokenBuild Behavior ::run [ RunTime:0.011079s ]
INFO: WriteHtmlCache Behavior ::run [ RunTime:0.012105s ]
INFO: ShowRuntime Behavior ::run [ RunTime:0.013445s ]
INFO: [ view_filter ] --END-- [ RunTime:0.047334s ]
INFO: [ view_end ] --START--
INFO: ShowPageTrace Behavior ::run [ RunTime:0.010341s ]
INFO: [ view_end ] --END-- [ RunTime:0.010466s ]

[ 2015-01-12T23:07:57+08:00 ] 127.0.0.1 /qingguo/groupManage.php/category/add
INFO: [ route_check ] --START--
INFO: CheckRoute Behavior ::run [ RunTime:0.010653s ]
INFO: [ route_check ] --END-- [ RunTime:0.010777s ]
INFO: [ app_begin ] --START--
INFO: ReadHtmlCache Behavior ::run [ RunTime:0.009712s ]
INFO: [ app_begin ] --END-- [ RunTime:0.009823s ]
SQL: SHOW COLUMNS FROM `group_category` [ RunTime:0.008589s ]
NOTIC: [8] Undefined index: cid G:\php\htdocs\qingguo\Gmanage\Lib\Action\CategoryAction.class.php 第 15 行.
SQL: INSERT INTO `group_category` (`cname`,`title`,`keywords`,`description`,`sort`,`pid`,`display`) VALUES ('丽人','丽人','丽人','丽人',4,0,1) [ RunTime:0.034285s ]
INFO: [ view_parse ] --START--
NOTIC: [8] Undefined variable: error G:\php\htdocs\qingguo\Gmanage\Runtime\Cache\601939d8f47d76133e8112da531d3a21.php 第 61 行.
NOTIC: [8] Undefined variable: error G:\php\htdocs\qingguo\Gmanage\Runtime\Cache\601939d8f47d76133e8112da531d3a21.php 第 65 行.
INFO: ParseTemplate Behavior ::run [ RunTime:0.086483s ]
INFO: [ view_parse ] --END-- [ RunTime:0.086595s ]
INFO: [ view_filter ] --START--
INFO: ContentReplace Behavior ::run [ RunTime:0.009312s ]
INFO: TokenBuild Behavior ::run [ RunTime:0.009927s ]
INFO: WriteHtmlCache Behavior ::run [ RunTime:0.009760s ]
INFO: ShowRuntime Behavior ::run [ RunTime:0.009717s ]
INFO: [ view_filter ] --END-- [ RunTime:0.038940s ]
INFO: [ view_end ] --START--
INFO: ShowPageTrace Behavior ::run [ RunTime:0.010030s ]
INFO: [ view_end ] --END-- [ RunTime:0.010102s ]

[ 2015-01-12T23:08:00+08:00 ] 127.0.0.1 /qingguo/groupManage.php/category/add
INFO: [ route_check ] --START--
INFO: CheckRoute Behavior ::run [ RunTime:0.014045s ]
INFO: [ route_check ] --END-- [ RunTime:0.014303s ]
INFO: [ app_begin ] --START--
INFO: ReadHtmlCache Behavior ::run [ RunTime:0.015377s ]
INFO: [ app_begin ] --END-- [ RunTime:0.015511s ]
SQL: SHOW COLUMNS FROM `group_category` [ RunTime:0.007659s ]
NOTIC: [8] Undefined index: cid G:\php\htdocs\qingguo\Gmanage\Lib\Action\CategoryAction.class.php 第 15 行.
SQL: SELECT `cname`,`cid` FROM `group_category` WHERE ( `cid` = 0 ) LIMIT 1   [ RunTime:0.001645s ]
SQL: SELECT * FROM `group_category`  [ RunTime:0.000515s ]
NOTIC: [8] Undefined index:  G:\php\htdocs\qingguo\ThinkPHP\Extend\Library\ORG\Util\Data.class.php 第 121 行.
NOTIC: [8] Undefined index:  G:\php\htdocs\qingguo\ThinkPHP\Extend\Library\ORG\Util\Data.class.php 第 121 行.
NOTIC: [8] Undefined index:  G:\php\htdocs\qingguo\ThinkPHP\Extend\Library\ORG\Util\Data.class.php 第 121 行.
NOTIC: [8] Undefined index:  G:\php\htdocs\qingguo\ThinkPHP\Extend\Library\ORG\Util\Data.class.php 第 121 行.
INFO: [ view_parse ] --START--
INFO: ParseTemplate Behavior ::run [ RunTime:0.067096s ]
INFO: [ view_parse ] --END-- [ RunTime:0.067194s ]
INFO: [ view_filter ] --START--
INFO: ContentReplace Behavior ::run [ RunTime:0.010937s ]
INFO: TokenBuild Behavior ::run [ RunTime:0.010627s ]
INFO: WriteHtmlCache Behavior ::run [ RunTime:0.011012s ]
INFO: ShowRuntime Behavior ::run [ RunTime:0.010583s ]
INFO: [ view_filter ] --END-- [ RunTime:0.043400s ]
INFO: [ view_end ] --START--
INFO: ShowPageTrace Behavior ::run [ RunTime:0.011004s ]
INFO: [ view_end ] --END-- [ RunTime:0.011084s ]

[ 2015-01-12T23:08:11+08:00 ] 127.0.0.1 /qingguo/groupManage.php/category/add
INFO: [ route_check ] --START--
INFO: CheckRoute Behavior ::run [ RunTime:0.009762s ]
INFO: [ route_check ] --END-- [ RunTime:0.009878s ]
INFO: [ app_begin ] --START--
INFO: ReadHtmlCache Behavior ::run [ RunTime:0.009892s ]
INFO: [ app_begin ] --END-- [ RunTime:0.009995s ]
SQL: SHOW COLUMNS FROM `group_category` [ RunTime:0.012085s ]
NOTIC: [8] Undefined index: cid G:\php\htdocs\qingguo\Gmanage\Lib\Action\CategoryAction.class.php 第 15 行.
SQL: INSERT INTO `group_category` (`cname`,`title`,`keywords`,`description`,`sort`,`pid`,`display`) VALUES ('酒店','酒店','酒店','酒店',5,0,1) [ RunTime:0.051718s ]
INFO: [ view_parse ] --START--
NOTIC: [8] Undefined variable: error G:\php\htdocs\qingguo\Gmanage\Runtime\Cache\601939d8f47d76133e8112da531d3a21.php 第 61 行.
NOTIC: [8] Undefined variable: error G:\php\htdocs\qingguo\Gmanage\Runtime\Cache\601939d8f47d76133e8112da531d3a21.php 第 65 行.
INFO: ParseTemplate Behavior ::run [ RunTime:0.070719s ]
INFO: [ view_parse ] --END-- [ RunTime:0.070876s ]
INFO: [ view_filter ] --START--
INFO: ContentReplace Behavior ::run [ RunTime:0.009879s ]
INFO: TokenBuild Behavior ::run [ RunTime:0.009431s ]
INFO: WriteHtmlCache Behavior ::run [ RunTime:0.011651s ]
INFO: ShowRuntime Behavior ::run [ RunTime:0.009543s ]
INFO: [ view_filter ] --END-- [ RunTime:0.040730s ]
INFO: [ view_end ] --START--
INFO: ShowPageTrace Behavior ::run [ RunTime:0.010121s ]
INFO: [ view_end ] --END-- [ RunTime:0.010200s ]

[ 2015-01-12T23:08:14+08:00 ] 127.0.0.1 /qingguo/groupManage.php/category/index
INFO: [ route_check ] --START--
INFO: CheckRoute Behavior ::run [ RunTime:0.010067s ]
INFO: [ route_check ] --END-- [ RunTime:0.010180s ]
INFO: [ app_begin ] --START--
INFO: ReadHtmlCache Behavior ::run [ RunTime:0.010037s ]
INFO: [ app_begin ] --END-- [ RunTime:0.010137s ]
SQL: SHOW COLUMNS FROM `group_category` [ RunTime:0.011934s ]
NOTIC: [8] Undefined index: cid G:\php\htdocs\qingguo\Gmanage\Lib\Action\CategoryAction.class.php 第 15 行.
SQL: SELECT * FROM `group_category`  [ RunTime:0.004482s ]
NOTIC: [8] Undefined index:  G:\php\htdocs\qingguo\ThinkPHP\Extend\Library\ORG\Util\Data.class.php 第 121 行.
NOTIC: [8] Undefined index:  G:\php\htdocs\qingguo\ThinkPHP\Extend\Library\ORG\Util\Data.class.php 第 121 行.
NOTIC: [8] Undefined index:  G:\php\htdocs\qingguo\ThinkPHP\Extend\Library\ORG\Util\Data.class.php 第 121 行.
NOTIC: [8] Undefined index:  G:\php\htdocs\qingguo\ThinkPHP\Extend\Library\ORG\Util\Data.class.php 第 121 行.
NOTIC: [8] Undefined index:  G:\php\htdocs\qingguo\ThinkPHP\Extend\Library\ORG\Util\Data.class.php 第 121 行.
INFO: [ view_parse ] --START--
INFO: ParseTemplate Behavior ::run [ RunTime:0.068042s ]
INFO: [ view_parse ] --END-- [ RunTime:0.068147s ]
INFO: [ view_filter ] --START--
INFO: ContentReplace Behavior ::run [ RunTime:0.009929s ]
INFO: TokenBuild Behavior ::run [ RunTime:0.010142s ]
INFO: WriteHtmlCache Behavior ::run [ RunTime:0.009437s ]
INFO: ShowRuntime Behavior ::run [ RunTime:0.010230s ]
INFO: [ view_filter ] --END-- [ RunTime:0.040035s ]
INFO: [ view_end ] --START--
INFO: ShowPageTrace Behavior ::run [ RunTime:0.009633s ]
INFO: [ view_end ] --END-- [ RunTime:0.009707s ]

